This file contains any messages produced by compilers while
running configure, to aid debugging if configure makes a mistake.

It was created by configure, which was
generated by GNU Autoconf 2.65.  Invocation command line was

  $ ./configure --prefix=/ --disable-nls

## --------- ##
## Platform. ##
## --------- ##

hostname = ubuntu
uname -m = x86_64
uname -r = 4.8.0-5-generic
uname -s = Linux
uname -v = #6 SMP Thu Aug 25 14:49:54 UTC 2016

/usr/bin/uname -p = unknown
/bin/uname -X     = unknown

/bin/arch              = unknown
/usr/bin/arch -k       = unknown
/usr/convex/getsysinfo = unknown
/usr/bin/hostinfo      = unknown
/bin/machine           = unknown
/usr/bin/oslevel       = unknown
/bin/universe          = unknown

PATH: /home/king/bin
PATH: /home/king/.local/bin
PATH: /usr/local/sbin
PATH: /usr/local/bin
PATH: /usr/sbin
PATH: /usr/bin
PATH: /sbin
PATH: /bin
PATH: /usr/games
PATH: /usr/local/games
PATH: /snap/bin


## ----------- ##
## Core tests. ##
## ----------- ##

configure:2674: result: Generating configuration file for e2fsprogs version 1.41.14
configure:2676: result: Release date is December, 2010
configure:2687: checking build system type
configure:2701: result: x86_64-pc-linux-gnu
configure:2721: checking host system type
configure:2734: result: x86_64-pc-linux-gnu
configure:2803: checking for gcc
configure:2819: found /usr/bin/gcc
configure:2830: result: gcc
configure:3059: checking for C compiler version
configure:3068: gcc --version >&5
gcc (Ubuntu 6.2.0-3ubuntu11) 6.2.0 20160901
Copyright (C) 2016 Free Software Foundation, Inc.
This is free software; see the source for copying conditions.  There is NO
warranty; not even for MERCHANTABILITY or FITNESS FOR A PARTICULAR PURPOSE.

configure:3079: $? = 0
configure:3068: gcc -v >&5
Using built-in specs.
COLLECT_GCC=gcc
COLLECT_LTO_WRAPPER=/usr/lib/gcc/x86_64-linux-gnu/6/lto-wrapper
Target: x86_64-linux-gnu
Configured with: ../src/configure -v --with-pkgversion='Ubuntu 6.2.0-3ubuntu11' --with-bugurl=file:///usr/share/doc/gcc-6/README.Bugs --enable-languages=c,ada,c++,java,go,d,fortran,objc,obj-c++ --prefix=/usr --program-suffix=-6 --enable-shared --enable-linker-build-id --libexecdir=/usr/lib --without-included-gettext --enable-threads=posix --libdir=/usr/lib --enable-nls --with-sysroot=/ --enable-clocale=gnu --enable-libstdcxx-debug --enable-libstdcxx-time=yes --with-default-libstdcxx-abi=new --enable-gnu-unique-object --disable-vtable-verify --enable-libmpx --enable-plugin --enable-default-pie --with-system-zlib --disable-browser-plugin --enable-java-awt=gtk --enable-gtk-cairo --with-java-home=/usr/lib/jvm/java-1.5.0-gcj-6-amd64/jre --enable-java-home --with-jvm-root-dir=/usr/lib/jvm/java-1.5.0-gcj-6-amd64 --with-jvm-jar-dir=/usr/lib/jvm-exports/java-1.5.0-gcj-6-amd64 --with-arch-directory=amd64 --with-ecj-jar=/usr/share/java/eclipse-ecj.jar --enable-objc-gc --enable-multiarch --disable-werror --with-arch-32=i686 --with-abi=m64 --with-multilib-list=m32,m64,mx32 --enable-multilib --with-tune=generic --enable-checking=release --build=x86_64-linux-gnu --host=x86_64-linux-gnu --target=x86_64-linux-gnu
Thread model: posix
gcc version 6.2.0 20160901 (Ubuntu 6.2.0-3ubuntu11) 
configure:3079: $? = 0
configure:3068: gcc -V >&5
gcc: error: unrecognized command line option '-V'
gcc: fatal error: no input files
compilation terminated.
configure:3079: $? = 1
configure:3068: gcc -qversion >&5
gcc: error: unrecognized command line option '-qversion'; did you mean '--version'?
gcc: fatal error: no input files
compilation terminated.
configure:3079: $? = 1
configure:3099: checking whether the C compiler works
configure:3121: gcc -g -O2 -I/home/king/xfstests-bld/bld/include   -static -L/home/king/xfstests-bld/bld/lib conftest.c  >&5
configure:3125: $? = 0
configure:3174: result: yes
configure:3177: checking for C compiler default output file name
configure:3179: result: a.out
configure:3185: checking for suffix of executables
configure:3192: gcc -o conftest -g -O2 -I/home/king/xfstests-bld/bld/include   -static -L/home/king/xfstests-bld/bld/lib conftest.c  >&5
configure:3196: $? = 0
configure:3218: result: 
configure:3240: checking whether we are cross compiling
configure:3248: gcc -o conftest -g -O2 -I/home/king/xfstests-bld/bld/include   -static -L/home/king/xfstests-bld/bld/lib conftest.c  >&5
configure:3252: $? = 0
configure:3259: ./conftest
configure:3263: $? = 0
configure:3278: result: no
configure:3283: checking for suffix of object files
configure:3305: gcc -c -g -O2 -I/home/king/xfstests-bld/bld/include  conftest.c >&5
configure:3309: $? = 0
configure:3330: result: o
configure:3334: checking whether we are using the GNU C compiler
configure:3353: gcc -c -g -O2 -I/home/king/xfstests-bld/bld/include  conftest.c >&5
configure:3353: $? = 0
configure:3362: result: yes
configure:3371: checking whether gcc accepts -g
configure:3391: gcc -c -g  conftest.c >&5
configure:3391: $? = 0
configure:3432: result: yes
configure:3449: checking for gcc option to accept ISO C89
configure:3513: gcc  -c -g -O2 -I/home/king/xfstests-bld/bld/include  conftest.c >&5
configure:3513: $? = 0
configure:3526: result: none needed
configure:3547: checking for dlopen in -ldl
configure:3572: gcc -o conftest -g -O2 -I/home/king/xfstests-bld/bld/include   -static -L/home/king/xfstests-bld/bld/lib conftest.c -ldl   >&5
/tmp/ccLWvYX8.o: In function `main':
/home/king/xfstests-bld/e2fsprogs-libs/conftest.c:20: warning: Using 'dlopen' in statically linked applications requires at runtime the shared libraries from the glibc version used for linking
configure:3572: $? = 0
configure:3581: result: yes
configure:3665: checking for gcc
configure:3692: result: gcc
configure:3921: checking for C compiler version
configure:3930: gcc --version >&5
gcc (Ubuntu 6.2.0-3ubuntu11) 6.2.0 20160901
Copyright (C) 2016 Free Software Foundation, Inc.
This is free software; see the source for copying conditions.  There is NO
warranty; not even for MERCHANTABILITY or FITNESS FOR A PARTICULAR PURPOSE.

configure:3941: $? = 0
configure:3930: gcc -v >&5
Using built-in specs.
COLLECT_GCC=gcc
COLLECT_LTO_WRAPPER=/usr/lib/gcc/x86_64-linux-gnu/6/lto-wrapper
Target: x86_64-linux-gnu
Configured with: ../src/configure -v --with-pkgversion='Ubuntu 6.2.0-3ubuntu11' --with-bugurl=file:///usr/share/doc/gcc-6/README.Bugs --enable-languages=c,ada,c++,java,go,d,fortran,objc,obj-c++ --prefix=/usr --program-suffix=-6 --enable-shared --enable-linker-build-id --libexecdir=/usr/lib --without-included-gettext --enable-threads=posix --libdir=/usr/lib --enable-nls --with-sysroot=/ --enable-clocale=gnu --enable-libstdcxx-debug --enable-libstdcxx-time=yes --with-default-libstdcxx-abi=new --enable-gnu-unique-object --disable-vtable-verify --enable-libmpx --enable-plugin --enable-default-pie --with-system-zlib --disable-browser-plugin --enable-java-awt=gtk --enable-gtk-cairo --with-java-home=/usr/lib/jvm/java-1.5.0-gcj-6-amd64/jre --enable-java-home --with-jvm-root-dir=/usr/lib/jvm/java-1.5.0-gcj-6-amd64 --with-jvm-jar-dir=/usr/lib/jvm-exports/java-1.5.0-gcj-6-amd64 --with-arch-directory=amd64 --with-ecj-jar=/usr/share/java/eclipse-ecj.jar --enable-objc-gc --enable-multiarch --disable-werror --with-arch-32=i686 --with-abi=m64 --with-multilib-list=m32,m64,mx32 --enable-multilib --with-tune=generic --enable-checking=release --build=x86_64-linux-gnu --host=x86_64-linux-gnu --target=x86_64-linux-gnu
Thread model: posix
gcc version 6.2.0 20160901 (Ubuntu 6.2.0-3ubuntu11) 
configure:3941: $? = 0
configure:3930: gcc -V >&5
gcc: error: unrecognized command line option '-V'
gcc: fatal error: no input files
compilation terminated.
configure:3941: $? = 1
configure:3930: gcc -qversion >&5
gcc: error: unrecognized command line option '-qversion'; did you mean '--version'?
gcc: fatal error: no input files
compilation terminated.
configure:3941: $? = 1
configure:3945: checking whether we are using the GNU C compiler
configure:3973: result: yes
configure:3982: checking whether gcc accepts -g
configure:4043: result: yes
configure:4060: checking for gcc option to accept ISO C89
configure:4137: result: none needed
configure:4162: checking how to run the C preprocessor
configure:4193: gcc -E  conftest.c
configure:4193: $? = 0
configure:4207: gcc -E  conftest.c
conftest.c:10:28: fatal error: ac_nonexistent.h: No such file or directory
 #include <ac_nonexistent.h>
                            ^
compilation terminated.
configure:4207: $? = 1
configure: failed program was:
| /* confdefs.h */
| #define PACKAGE_NAME ""
| #define PACKAGE_TARNAME ""
| #define PACKAGE_VERSION ""
| #define PACKAGE_STRING ""
| #define PACKAGE_BUGREPORT ""
| #define PACKAGE_URL ""
| #define HAVE_DLOPEN 1
| /* end confdefs.h.  */
| #include <ac_nonexistent.h>
configure:4232: result: gcc -E
configure:4252: gcc -E  conftest.c
configure:4252: $? = 0
configure:4266: gcc -E  conftest.c
conftest.c:10:28: fatal error: ac_nonexistent.h: No such file or directory
 #include <ac_nonexistent.h>
                            ^
compilation terminated.
configure:4266: $? = 1
configure: failed program was:
| /* confdefs.h */
| #define PACKAGE_NAME ""
| #define PACKAGE_TARNAME ""
| #define PACKAGE_VERSION ""
| #define PACKAGE_STRING ""
| #define PACKAGE_BUGREPORT ""
| #define PACKAGE_URL ""
| #define HAVE_DLOPEN 1
| /* end confdefs.h.  */
| #include <ac_nonexistent.h>
configure:4295: checking for grep that handles long lines and -e
configure:4353: result: /bin/grep
configure:4358: checking for egrep
configure:4420: result: /bin/grep -E
configure:4425: checking for ANSI C header files
configure:4445: gcc -c -g -O2 -I/home/king/xfstests-bld/bld/include  conftest.c >&5
configure:4445: $? = 0
configure:4518: gcc -o conftest -g -O2 -I/home/king/xfstests-bld/bld/include   -static -L/home/king/xfstests-bld/bld/lib conftest.c  >&5
configure:4518: $? = 0
configure:4518: ./conftest
configure:4518: $? = 0
configure:4529: result: yes
configure:4542: checking for sys/types.h
configure:4542: gcc -c -g -O2 -I/home/king/xfstests-bld/bld/include  conftest.c >&5
configure:4542: $? = 0
configure:4542: result: yes
configure:4542: checking for sys/stat.h
configure:4542: gcc -c -g -O2 -I/home/king/xfstests-bld/bld/include  conftest.c >&5
configure:4542: $? = 0
configure:4542: result: yes
configure:4542: checking for stdlib.h
configure:4542: gcc -c -g -O2 -I/home/king/xfstests-bld/bld/include  conftest.c >&5
configure:4542: $? = 0
configure:4542: result: yes
configure:4542: checking for string.h
configure:4542: gcc -c -g -O2 -I/home/king/xfstests-bld/bld/include  conftest.c >&5
configure:4542: $? = 0
configure:4542: result: yes
configure:4542: checking for memory.h
configure:4542: gcc -c -g -O2 -I/home/king/xfstests-bld/bld/include  conftest.c >&5
configure:4542: $? = 0
configure:4542: result: yes
configure:4542: checking for strings.h
configure:4542: gcc -c -g -O2 -I/home/king/xfstests-bld/bld/include  conftest.c >&5
configure:4542: $? = 0
configure:4542: result: yes
configure:4542: checking for inttypes.h
configure:4542: gcc -c -g -O2 -I/home/king/xfstests-bld/bld/include  conftest.c >&5
configure:4542: $? = 0
configure:4542: result: yes
configure:4542: checking for stdint.h
configure:4542: gcc -c -g -O2 -I/home/king/xfstests-bld/bld/include  conftest.c >&5
configure:4542: $? = 0
configure:4542: result: yes
configure:4542: checking for unistd.h
configure:4542: gcc -c -g -O2 -I/home/king/xfstests-bld/bld/include  conftest.c >&5
configure:4542: $? = 0
configure:4542: result: yes
configure:4555: checking linux/fs.h usability
configure:4555: gcc -c -g -O2 -I/home/king/xfstests-bld/bld/include  conftest.c >&5
configure:4555: $? = 0
configure:4555: result: yes
configure:4555: checking linux/fs.h presence
configure:4555: gcc -E  conftest.c
configure:4555: $? = 0
configure:4555: result: yes
configure:4555: checking for linux/fs.h
configure:4555: result: yes
configure:4567: checking for additional special compiler flags
configure:4581: result: (none)
configure:4609: result: Disabling maintainer mode by default
configure:4630: result: Disabling symlinks for install
configure:4651: result: Disabling symlinks for build
configure:4673: result: Disabling verbose make commands
configure:4698: result: Disabling compression support by default
configure:4722: result: Enabling htree directory support by default
configure:4759: result: Disabling ELF shared libraries by default
configure:4792: result: Disabling BSD shared libraries by default
configure:4818: result: Disabling profiling libraries by default
configure:4843: result: Disabling checker libraries by default
configure:4869: result: Disabling journal debugging by default
configure:4888: result: Disabling blkid debugging by default
configure:4909: result: Enabling testio debugging by default
configure:4967: checking for pkg-config
configure:4985: found /usr/bin/pkg-config
configure:4997: result: /usr/bin/pkg-config
configure:5022: checking pkg-config is at least version 0.9.0
configure:5025: result: yes
configure:5113: result: Enabling private uuid library by default
configure:5174: checking for pkg-config
configure:5204: result: /usr/bin/pkg-config
configure:5229: checking pkg-config is at least version 0.9.0
configure:5232: result: yes
configure:5324: result: Enabling private blkid library by default
configure:5350: result: Enabling debugfs support by default
configure:5371: result: Enabling e2image support by default
configure:5392: result: Enabling e2resize support by default
configure:5421: result: Building fsck wrapper by default
configure:5444: result: Building e2initrd helper by default
configure:5472: result: Try using thread local support by default
configure:5481: checking for thread local storage (TLS) class
configure:5508: gcc -c -g -O2 -I/home/king/xfstests-bld/bld/include  conftest.c >&5
configure:5508: $? = 0
configure:5528: result: __thread
configure:5551: result: Building uuidd by default
configure:5575: checking whether make sets $(MAKE)
configure:5597: result: yes
configure:5620: checking for a BSD-compatible install
configure:5688: result: /usr/bin/install -c
configure:5713: checking whether NLS is requested
configure:5722: result: no
configure:5760: checking for msgfmt
configure:5791: result: /usr/bin/msgfmt
configure:5800: checking for gmsgfmt
configure:5831: result: /usr/bin/msgfmt
configure:5871: checking for xgettext
configure:5902: result: /usr/bin/xgettext
configure:5942: checking for msgmerge
configure:5972: result: /usr/bin/msgmerge
configure:6050: checking for ranlib
configure:6066: found /usr/bin/ranlib
configure:6077: result: ranlib
configure:6100: checking for strerror in -lcposix
configure:6125: gcc -o conftest -g -O2 -I/home/king/xfstests-bld/bld/include   -static -L/home/king/xfstests-bld/bld/lib conftest.c -lcposix   >&5
/usr/bin/ld: cannot find -lcposix
collect2: error: ld returned 1 exit status
configure:6125: $? = 1
configure: failed program was:
| /* confdefs.h */
| #define PACKAGE_NAME ""
| #define PACKAGE_TARNAME ""
| #define PACKAGE_VERSION ""
| #define PACKAGE_STRING ""
| #define PACKAGE_BUGREPORT ""
| #define PACKAGE_URL ""
| #define HAVE_DLOPEN 1
| #define STDC_HEADERS 1
| #define HAVE_SYS_TYPES_H 1
| #define HAVE_SYS_STAT_H 1
| #define HAVE_STDLIB_H 1
| #define HAVE_STRING_H 1
| #define HAVE_MEMORY_H 1
| #define HAVE_STRINGS_H 1
| #define HAVE_INTTYPES_H 1
| #define HAVE_STDINT_H 1
| #define HAVE_UNISTD_H 1
| #define ENABLE_HTREE 1
| #define CONFIG_TESTIO_DEBUG 1
| #define CONFIG_BUILD_FINDFS 1
| #define TLS __thread
| #define USE_UUIDD 1
| #define PACKAGE "e2fsprogs"
| #define VERSION "0.14.1"
| /* end confdefs.h.  */
| 
| /* Override any GCC internal prototype to avoid an error.
|    Use char because int might match the return type of a GCC
|    builtin and then its argument prototype would still apply.  */
| #ifdef __cplusplus
| extern "C"
| #endif
| char strerror ();
| int
| main ()
| {
| return strerror ();
|   ;
|   return 0;
| }
configure:6134: result: no
configure:6142: checking for an ANSI C-conforming const
configure:6207: gcc -c -g -O2 -I/home/king/xfstests-bld/bld/include  conftest.c >&5
configure:6207: $? = 0
configure:6214: result: yes
configure:6223: checking for signed
configure:6239: gcc -c -g -O2 -I/home/king/xfstests-bld/bld/include  conftest.c >&5
configure:6239: $? = 0
configure:6246: result: yes
configure:6254: checking for inline
configure:6270: gcc -c -g -O2 -I/home/king/xfstests-bld/bld/include  conftest.c >&5
configure:6270: $? = 0
configure:6278: result: inline
configure:6296: checking for off_t
configure:6296: gcc -c -g -O2 -I/home/king/xfstests-bld/bld/include  conftest.c >&5
configure:6296: $? = 0
configure:6296: gcc -c -g -O2 -I/home/king/xfstests-bld/bld/include  conftest.c >&5
conftest.c: In function 'main':
conftest.c:63:20: error: expected expression before ')' token
 if (sizeof ((off_t)))
                    ^
configure:6296: $? = 1
configure: failed program was:
| /* confdefs.h */
| #define PACKAGE_NAME ""
| #define PACKAGE_TARNAME ""
| #define PACKAGE_VERSION ""
| #define PACKAGE_STRING ""
| #define PACKAGE_BUGREPORT ""
| #define PACKAGE_URL ""
| #define HAVE_DLOPEN 1
| #define STDC_HEADERS 1
| #define HAVE_SYS_TYPES_H 1
| #define HAVE_SYS_STAT_H 1
| #define HAVE_STDLIB_H 1
| #define HAVE_STRING_H 1
| #define HAVE_MEMORY_H 1
| #define HAVE_STRINGS_H 1
| #define HAVE_INTTYPES_H 1
| #define HAVE_STDINT_H 1
| #define HAVE_UNISTD_H 1
| #define ENABLE_HTREE 1
| #define CONFIG_TESTIO_DEBUG 1
| #define CONFIG_BUILD_FINDFS 1
| #define TLS __thread
| #define USE_UUIDD 1
| #define PACKAGE "e2fsprogs"
| #define VERSION "0.14.1"
| /* end confdefs.h.  */
| #include <stdio.h>
| #ifdef HAVE_SYS_TYPES_H
| # include <sys/types.h>
| #endif
| #ifdef HAVE_SYS_STAT_H
| # include <sys/stat.h>
| #endif
| #ifdef STDC_HEADERS
| # include <stdlib.h>
| # include <stddef.h>
| #else
| # ifdef HAVE_STDLIB_H
| #  include <stdlib.h>
| # endif
| #endif
| #ifdef HAVE_STRING_H
| # if !defined STDC_HEADERS && defined HAVE_MEMORY_H
| #  include <memory.h>
| # endif
| # include <string.h>
| #endif
| #ifdef HAVE_STRINGS_H
| # include <strings.h>
| #endif
| #ifdef HAVE_INTTYPES_H
| # include <inttypes.h>
| #endif
| #ifdef HAVE_STDINT_H
| # include <stdint.h>
| #endif
| #ifdef HAVE_UNISTD_H
| # include <unistd.h>
| #endif
| int
| main ()
| {
| if (sizeof ((off_t)))
| 	    return 0;
|   ;
|   return 0;
| }
configure:6296: result: yes
configure:6307: checking for size_t
configure:6307: gcc -c -g -O2 -I/home/king/xfstests-bld/bld/include  conftest.c >&5
configure:6307: $? = 0
configure:6307: gcc -c -g -O2 -I/home/king/xfstests-bld/bld/include  conftest.c >&5
conftest.c: In function 'main':
conftest.c:63:21: error: expected expression before ')' token
 if (sizeof ((size_t)))
                     ^
configure:6307: $? = 1
configure: failed program was:
| /* confdefs.h */
| #define PACKAGE_NAME ""
| #define PACKAGE_TARNAME ""
| #define PACKAGE_VERSION ""
| #define PACKAGE_STRING ""
| #define PACKAGE_BUGREPORT ""
| #define PACKAGE_URL ""
| #define HAVE_DLOPEN 1
| #define STDC_HEADERS 1
| #define HAVE_SYS_TYPES_H 1
| #define HAVE_SYS_STAT_H 1
| #define HAVE_STDLIB_H 1
| #define HAVE_STRING_H 1
| #define HAVE_MEMORY_H 1
| #define HAVE_STRINGS_H 1
| #define HAVE_INTTYPES_H 1
| #define HAVE_STDINT_H 1
| #define HAVE_UNISTD_H 1
| #define ENABLE_HTREE 1
| #define CONFIG_TESTIO_DEBUG 1
| #define CONFIG_BUILD_FINDFS 1
| #define TLS __thread
| #define USE_UUIDD 1
| #define PACKAGE "e2fsprogs"
| #define VERSION "0.14.1"
| /* end confdefs.h.  */
| #include <stdio.h>
| #ifdef HAVE_SYS_TYPES_H
| # include <sys/types.h>
| #endif
| #ifdef HAVE_SYS_STAT_H
| # include <sys/stat.h>
| #endif
| #ifdef STDC_HEADERS
| # include <stdlib.h>
| # include <stddef.h>
| #else
| # ifdef HAVE_STDLIB_H
| #  include <stdlib.h>
| # endif
| #endif
| #ifdef HAVE_STRING_H
| # if !defined STDC_HEADERS && defined HAVE_MEMORY_H
| #  include <memory.h>
| # endif
| # include <string.h>
| #endif
| #ifdef HAVE_STRINGS_H
| # include <strings.h>
| #endif
| #ifdef HAVE_INTTYPES_H
| # include <inttypes.h>
| #endif
| #ifdef HAVE_STDINT_H
| # include <stdint.h>
| #endif
| #ifdef HAVE_UNISTD_H
| # include <unistd.h>
| #endif
| int
| main ()
| {
| if (sizeof ((size_t)))
| 	    return 0;
|   ;
|   return 0;
| }
configure:6307: result: yes
configure:6319: checking for long long
configure:6336: gcc -o conftest -g -O2 -I/home/king/xfstests-bld/bld/include   -static -L/home/king/xfstests-bld/bld/lib conftest.c  >&5
configure:6336: $? = 0
configure:6344: result: yes
configure:6353: checking for long double
configure:6385: result: yes
configure:6394: checking for wchar_t
configure:6411: gcc -c -g -O2 -I/home/king/xfstests-bld/bld/include  conftest.c >&5
configure:6411: $? = 0
configure:6418: result: yes
configure:6427: checking for wint_t
configure:6444: gcc -c -g -O2 -I/home/king/xfstests-bld/bld/include  conftest.c >&5
configure:6444: $? = 0
configure:6451: result: yes
configure:6460: checking for inttypes.h
configure:6477: gcc -c -g -O2 -I/home/king/xfstests-bld/bld/include  conftest.c >&5
configure:6477: $? = 0
configure:6484: result: yes
configure:6495: checking for stdint.h
configure:6512: gcc -c -g -O2 -I/home/king/xfstests-bld/bld/include  conftest.c >&5
configure:6512: $? = 0
configure:6519: result: yes
configure:6532: checking for intmax_t
configure:6557: gcc -c -g -O2 -I/home/king/xfstests-bld/bld/include  conftest.c >&5
configure:6557: $? = 0
configure:6564: result: yes
configure:6574: checking whether printf() supports POSIX/XSI format strings
configure:6615: gcc -o conftest -g -O2 -I/home/king/xfstests-bld/bld/include   -static -L/home/king/xfstests-bld/bld/lib conftest.c  >&5
configure:6615: $? = 0
configure:6615: ./conftest
configure:6615: $? = 0
configure:6626: result: yes
configure:6638: checking for working alloca.h
configure:6655: gcc -o conftest -g -O2 -I/home/king/xfstests-bld/bld/include   -static -L/home/king/xfstests-bld/bld/lib conftest.c  >&5
configure:6655: $? = 0
configure:6663: result: yes
configure:6671: checking for alloca
configure:6708: gcc -o conftest -g -O2 -I/home/king/xfstests-bld/bld/include   -static -L/home/king/xfstests-bld/bld/lib conftest.c  >&5
configure:6708: $? = 0
configure:6716: result: yes
configure:6832: checking for stdlib.h
configure:6832: result: yes
configure:6832: checking for unistd.h
configure:6832: result: yes
configure:6832: checking for sys/param.h
configure:6832: gcc -c -g -O2 -I/home/king/xfstests-bld/bld/include  conftest.c >&5
configure:6832: $? = 0
configure:6832: result: yes
configure:6853: checking for getpagesize
configure:6853: gcc -o conftest -g -O2 -I/home/king/xfstests-bld/bld/include   -static -L/home/king/xfstests-bld/bld/lib conftest.c  >&5
configure:6853: $? = 0
configure:6853: result: yes
configure:6862: checking for working mmap
configure:7009: gcc -o conftest -g -O2 -I/home/king/xfstests-bld/bld/include   -static -L/home/king/xfstests-bld/bld/lib conftest.c  >&5
configure:7009: $? = 0
configure:7009: ./conftest
configure:7009: $? = 0
configure:7019: result: yes
configure:7029: checking whether we are using the GNU C Library 2.1 or newer
configure:7056: result: yes
configure:7064: checking whether integer division by zero raises SIGFPE
configure:7121: gcc -o conftest -g -O2 -I/home/king/xfstests-bld/bld/include   -static -L/home/king/xfstests-bld/bld/lib conftest.c  >&5
conftest.c:60:5: warning: built-in function 'nan' declared as non-function
 int nan;
     ^~~
configure:7121: $? = 0
configure:7121: ./conftest
configure:7121: $? = 0
configure:7132: result: yes
configure:7145: checking for unsigned long long
configure:7162: gcc -o conftest -g -O2 -I/home/king/xfstests-bld/bld/include   -static -L/home/king/xfstests-bld/bld/lib conftest.c  >&5
configure:7162: $? = 0
configure:7170: result: yes
configure:7198: checking for inttypes.h
configure:7216: gcc -c -g -O2 -I/home/king/xfstests-bld/bld/include  conftest.c >&5
configure:7216: $? = 0
configure:7224: result: yes
configure:7237: checking whether the inttypes.h PRIxNN macros are broken
configure:7258: gcc -c -g -O2 -I/home/king/xfstests-bld/bld/include  conftest.c >&5
configure:7258: $? = 0
configure:7266: result: no
configure:7280: checking for stdint.h
configure:7280: result: yes
configure:7290: checking for SIZE_MAX
configure:7363: result: yes
configure:7377: checking for stdint.h
configure:7377: result: yes
configure:7428: checking for ld used by GCC
configure:7492: result: /usr/bin/ld
configure:7499: checking if the linker (/usr/bin/ld) is GNU ld
configure:7512: result: yes
configure:7518: checking for shared library run path origin
configure:7531: result: done
configure:7937: checking for ptrdiff_t
configure:7937: gcc -c -g -O2 -I/home/king/xfstests-bld/bld/include  conftest.c >&5
configure:7937: $? = 0
configure:7937: gcc -c -g -O2 -I/home/king/xfstests-bld/bld/include  conftest.c >&5
conftest.c: In function 'main':
conftest.c:84:24: error: expected expression before ')' token
 if (sizeof ((ptrdiff_t)))
                        ^
configure:7937: $? = 1
configure: failed program was:
| /* confdefs.h */
| #define PACKAGE_NAME ""
| #define PACKAGE_TARNAME ""
| #define PACKAGE_VERSION ""
| #define PACKAGE_STRING ""
| #define PACKAGE_BUGREPORT ""
| #define PACKAGE_URL ""
| #define HAVE_DLOPEN 1
| #define STDC_HEADERS 1
| #define HAVE_SYS_TYPES_H 1
| #define HAVE_SYS_STAT_H 1
| #define HAVE_STDLIB_H 1
| #define HAVE_STRING_H 1
| #define HAVE_MEMORY_H 1
| #define HAVE_STRINGS_H 1
| #define HAVE_INTTYPES_H 1
| #define HAVE_STDINT_H 1
| #define HAVE_UNISTD_H 1
| #define ENABLE_HTREE 1
| #define CONFIG_TESTIO_DEBUG 1
| #define CONFIG_BUILD_FINDFS 1
| #define TLS __thread
| #define USE_UUIDD 1
| #define PACKAGE "e2fsprogs"
| #define VERSION "0.14.1"
| #define HAVE_LONG_LONG 1
| #define HAVE_LONG_DOUBLE 1
| #define HAVE_WCHAR_T 1
| #define HAVE_WINT_T 1
| #define HAVE_INTTYPES_H_WITH_UINTMAX 1
| #define HAVE_STDINT_H_WITH_UINTMAX 1
| #define HAVE_INTMAX_T 1
| #define HAVE_POSIX_PRINTF 1
| #define HAVE_ALLOCA_H 1
| #define HAVE_ALLOCA 1
| #define HAVE_STDLIB_H 1
| #define HAVE_UNISTD_H 1
| #define HAVE_SYS_PARAM_H 1
| #define HAVE_GETPAGESIZE 1
| #define HAVE_MMAP 1
| #define INTDIV0_RAISES_SIGFPE 1
| #define HAVE_UNSIGNED_LONG_LONG 1
| #define HAVE_UINTMAX_T 1
| #define HAVE_INTTYPES_H 1
| #define HAVE_STDINT_H 1
| #define HAVE_STDINT_H 1
| /* end confdefs.h.  */
| #include <stdio.h>
| #ifdef HAVE_SYS_TYPES_H
| # include <sys/types.h>
| #endif
| #ifdef HAVE_SYS_STAT_H
| # include <sys/stat.h>
| #endif
| #ifdef STDC_HEADERS
| # include <stdlib.h>
| # include <stddef.h>
| #else
| # ifdef HAVE_STDLIB_H
| #  include <stdlib.h>
| # endif
| #endif
| #ifdef HAVE_STRING_H
| # if !defined STDC_HEADERS && defined HAVE_MEMORY_H
| #  include <memory.h>
| # endif
| # include <string.h>
| #endif
| #ifdef HAVE_STRINGS_H
| # include <strings.h>
| #endif
| #ifdef HAVE_INTTYPES_H
| # include <inttypes.h>
| #endif
| #ifdef HAVE_STDINT_H
| # include <stdint.h>
| #endif
| #ifdef HAVE_UNISTD_H
| # include <unistd.h>
| #endif
| int
| main ()
| {
| if (sizeof ((ptrdiff_t)))
| 	    return 0;
|   ;
|   return 0;
| }
configure:7937: result: yes
configure:7951: checking argz.h usability
configure:7951: gcc -c -g -O2 -I/home/king/xfstests-bld/bld/include  conftest.c >&5
configure:7951: $? = 0
configure:7951: result: yes
configure:7951: checking argz.h presence
configure:7951: gcc -E  conftest.c
configure:7951: $? = 0
configure:7951: result: yes
configure:7951: checking for argz.h
configure:7951: result: yes
configure:7951: checking limits.h usability
configure:7951: gcc -c -g -O2 -I/home/king/xfstests-bld/bld/include  conftest.c >&5
configure:7951: $? = 0
configure:7951: result: yes
configure:7951: checking limits.h presence
configure:7951: gcc -E  conftest.c
configure:7951: $? = 0
configure:7951: result: yes
configure:7951: checking for limits.h
configure:7951: result: yes
configure:7951: checking locale.h usability
configure:7951: gcc -c -g -O2 -I/home/king/xfstests-bld/bld/include  conftest.c >&5
configure:7951: $? = 0
configure:7951: result: yes
configure:7951: checking locale.h presence
configure:7951: gcc -E  conftest.c
configure:7951: $? = 0
configure:7951: result: yes
configure:7951: checking for locale.h
configure:7951: result: yes
configure:7951: checking nl_types.h usability
configure:7951: gcc -c -g -O2 -I/home/king/xfstests-bld/bld/include  conftest.c >&5
configure:7951: $? = 0
configure:7951: result: yes
configure:7951: checking nl_types.h presence
configure:7951: gcc -E  conftest.c
configure:7951: $? = 0
configure:7951: result: yes
configure:7951: checking for nl_types.h
configure:7951: result: yes
configure:7951: checking malloc.h usability
configure:7951: gcc -c -g -O2 -I/home/king/xfstests-bld/bld/include  conftest.c >&5
configure:7951: $? = 0
configure:7951: result: yes
configure:7951: checking malloc.h presence
configure:7951: gcc -E  conftest.c
configure:7951: $? = 0
configure:7951: result: yes
configure:7951: checking for malloc.h
configure:7951: result: yes
configure:7951: checking stddef.h usability
configure:7951: gcc -c -g -O2 -I/home/king/xfstests-bld/bld/include  conftest.c >&5
configure:7951: $? = 0
configure:7951: result: yes
configure:7951: checking stddef.h presence
configure:7951: gcc -E  conftest.c
configure:7951: $? = 0
configure:7951: result: yes
configure:7951: checking for stddef.h
configure:7951: result: yes
configure:7951: checking for stdlib.h
configure:7951: result: yes
configure:7951: checking for string.h
configure:7951: result: yes
configure:7951: checking for unistd.h
configure:7951: result: yes
configure:7951: checking for sys/param.h
configure:7951: result: yes
configure:7968: checking for asprintf
configure:7968: gcc -o conftest -g -O2 -I/home/king/xfstests-bld/bld/include   -static -L/home/king/xfstests-bld/bld/lib conftest.c  >&5
configure:7968: $? = 0
configure:7968: result: yes
configure:7968: checking for fwprintf
configure:7968: gcc -o conftest -g -O2 -I/home/king/xfstests-bld/bld/include   -static -L/home/king/xfstests-bld/bld/lib conftest.c  >&5
configure:7968: $? = 0
configure:7968: result: yes
configure:7968: checking for getcwd
configure:7968: gcc -o conftest -g -O2 -I/home/king/xfstests-bld/bld/include   -static -L/home/king/xfstests-bld/bld/lib conftest.c  >&5
configure:7968: $? = 0
configure:7968: result: yes
configure:7968: checking for getegid
configure:7968: gcc -o conftest -g -O2 -I/home/king/xfstests-bld/bld/include   -static -L/home/king/xfstests-bld/bld/lib conftest.c  >&5
configure:7968: $? = 0
configure:7968: result: yes
configure:7968: checking for geteuid
configure:7968: gcc -o conftest -g -O2 -I/home/king/xfstests-bld/bld/include   -static -L/home/king/xfstests-bld/bld/lib conftest.c  >&5
configure:7968: $? = 0
configure:7968: result: yes
configure:7968: checking for getgid
configure:7968: gcc -o conftest -g -O2 -I/home/king/xfstests-bld/bld/include   -static -L/home/king/xfstests-bld/bld/lib conftest.c  >&5
configure:7968: $? = 0
configure:7968: result: yes
configure:7968: checking for getuid
configure:7968: gcc -o conftest -g -O2 -I/home/king/xfstests-bld/bld/include   -static -L/home/king/xfstests-bld/bld/lib conftest.c  >&5
configure:7968: $? = 0
configure:7968: result: yes
configure:7968: checking for mempcpy
configure:7968: gcc -o conftest -g -O2 -I/home/king/xfstests-bld/bld/include   -static -L/home/king/xfstests-bld/bld/lib conftest.c  >&5
conftest.c:88:6: warning: conflicting types for built-in function 'mempcpy'
 char mempcpy ();
      ^~~~~~~
configure:7968: $? = 0
configure:7968: result: yes
configure:7968: checking for munmap
configure:7968: gcc -o conftest -g -O2 -I/home/king/xfstests-bld/bld/include   -static -L/home/king/xfstests-bld/bld/lib conftest.c  >&5
configure:7968: $? = 0
configure:7968: result: yes
configure:7968: checking for putenv
configure:7968: gcc -o conftest -g -O2 -I/home/king/xfstests-bld/bld/include   -static -L/home/king/xfstests-bld/bld/lib conftest.c  >&5
configure:7968: $? = 0
configure:7968: result: yes
configure:7968: checking for setenv
configure:7968: gcc -o conftest -g -O2 -I/home/king/xfstests-bld/bld/include   -static -L/home/king/xfstests-bld/bld/lib conftest.c  >&5
configure:7968: $? = 0
configure:7968: result: yes
configure:7968: checking for setlocale
configure:7968: gcc -o conftest -g -O2 -I/home/king/xfstests-bld/bld/include   -static -L/home/king/xfstests-bld/bld/lib conftest.c  >&5
configure:7968: $? = 0
configure:7968: result: yes
configure:7968: checking for snprintf
configure:7968: gcc -o conftest -g -O2 -I/home/king/xfstests-bld/bld/include   -static -L/home/king/xfstests-bld/bld/lib conftest.c  >&5
conftest.c:93:6: warning: conflicting types for built-in function 'snprintf'
 char snprintf ();
      ^~~~~~~~
configure:7968: $? = 0
configure:7968: result: yes
configure:7968: checking for stpcpy
configure:7968: gcc -o conftest -g -O2 -I/home/king/xfstests-bld/bld/include   -static -L/home/king/xfstests-bld/bld/lib conftest.c  >&5
conftest.c:94:6: warning: conflicting types for built-in function 'stpcpy'
 char stpcpy ();
      ^~~~~~
configure:7968: $? = 0
configure:7968: result: yes
configure:7968: checking for strcasecmp
configure:7968: gcc -o conftest -g -O2 -I/home/king/xfstests-bld/bld/include   -static -L/home/king/xfstests-bld/bld/lib conftest.c  >&5
conftest.c:95:6: warning: conflicting types for built-in function 'strcasecmp'
 char strcasecmp ();
      ^~~~~~~~~~
configure:7968: $? = 0
configure:7968: result: yes
configure:7968: checking for strdup
configure:7968: gcc -o conftest -g -O2 -I/home/king/xfstests-bld/bld/include   -static -L/home/king/xfstests-bld/bld/lib conftest.c  >&5
conftest.c:96:6: warning: conflicting types for built-in function 'strdup'
 char strdup ();
      ^~~~~~
configure:7968: $? = 0
configure:7968: result: yes
configure:7968: checking for strtoul
configure:7968: gcc -o conftest -g -O2 -I/home/king/xfstests-bld/bld/include   -static -L/home/king/xfstests-bld/bld/lib conftest.c  >&5
configure:7968: $? = 0
configure:7968: result: yes
configure:7968: checking for tsearch
configure:7968: gcc -o conftest -g -O2 -I/home/king/xfstests-bld/bld/include   -static -L/home/king/xfstests-bld/bld/lib conftest.c  >&5
configure:7968: $? = 0
configure:7968: result: yes
configure:7968: checking for wcslen
configure:7968: gcc -o conftest -g -O2 -I/home/king/xfstests-bld/bld/include   -static -L/home/king/xfstests-bld/bld/lib conftest.c  >&5
configure:7968: $? = 0
configure:7968: result: yes
configure:7968: checking for __argz_count
configure:7968: gcc -o conftest -g -O2 -I/home/king/xfstests-bld/bld/include   -static -L/home/king/xfstests-bld/bld/lib conftest.c  >&5
configure:7968: $? = 0
configure:7968: result: yes
configure:7968: checking for __argz_stringify
configure:7968: gcc -o conftest -g -O2 -I/home/king/xfstests-bld/bld/include   -static -L/home/king/xfstests-bld/bld/lib conftest.c  >&5
configure:7968: $? = 0
configure:7968: result: yes
configure:7968: checking for __argz_next
configure:7968: gcc -o conftest -g -O2 -I/home/king/xfstests-bld/bld/include   -static -L/home/king/xfstests-bld/bld/lib conftest.c  >&5
configure:7968: $? = 0
configure:7968: result: yes
configure:7968: checking for __fsetlocking
configure:7968: gcc -o conftest -g -O2 -I/home/king/xfstests-bld/bld/include   -static -L/home/king/xfstests-bld/bld/lib conftest.c  >&5
configure:7968: $? = 0
configure:7968: result: yes
configure:7980: checking whether _snprintf is declared
configure:8000: gcc -c -g -O2 -I/home/king/xfstests-bld/bld/include  conftest.c >&5
conftest.c: In function 'main':
conftest.c:87:22: error: '_snprintf' undeclared (first use in this function)
   char *p = (char *) _snprintf;
                      ^~~~~~~~~
conftest.c:87:22: note: each undeclared identifier is reported only once for each function it appears in
configure:8000: $? = 1
configure: failed program was:
| /* confdefs.h */
| #define PACKAGE_NAME ""
| #define PACKAGE_TARNAME ""
| #define PACKAGE_VERSION ""
| #define PACKAGE_STRING ""
| #define PACKAGE_BUGREPORT ""
| #define PACKAGE_URL ""
| #define HAVE_DLOPEN 1
| #define STDC_HEADERS 1
| #define HAVE_SYS_TYPES_H 1
| #define HAVE_SYS_STAT_H 1
| #define HAVE_STDLIB_H 1
| #define HAVE_STRING_H 1
| #define HAVE_MEMORY_H 1
| #define HAVE_STRINGS_H 1
| #define HAVE_INTTYPES_H 1
| #define HAVE_STDINT_H 1
| #define HAVE_UNISTD_H 1
| #define ENABLE_HTREE 1
| #define CONFIG_TESTIO_DEBUG 1
| #define CONFIG_BUILD_FINDFS 1
| #define TLS __thread
| #define USE_UUIDD 1
| #define PACKAGE "e2fsprogs"
| #define VERSION "0.14.1"
| #define HAVE_LONG_LONG 1
| #define HAVE_LONG_DOUBLE 1
| #define HAVE_WCHAR_T 1
| #define HAVE_WINT_T 1
| #define HAVE_INTTYPES_H_WITH_UINTMAX 1
| #define HAVE_STDINT_H_WITH_UINTMAX 1
| #define HAVE_INTMAX_T 1
| #define HAVE_POSIX_PRINTF 1
| #define HAVE_ALLOCA_H 1
| #define HAVE_ALLOCA 1
| #define HAVE_STDLIB_H 1
| #define HAVE_UNISTD_H 1
| #define HAVE_SYS_PARAM_H 1
| #define HAVE_GETPAGESIZE 1
| #define HAVE_MMAP 1
| #define INTDIV0_RAISES_SIGFPE 1
| #define HAVE_UNSIGNED_LONG_LONG 1
| #define HAVE_UINTMAX_T 1
| #define HAVE_INTTYPES_H 1
| #define HAVE_STDINT_H 1
| #define HAVE_STDINT_H 1
| #define HAVE_ARGZ_H 1
| #define HAVE_LIMITS_H 1
| #define HAVE_LOCALE_H 1
| #define HAVE_NL_TYPES_H 1
| #define HAVE_MALLOC_H 1
| #define HAVE_STDDEF_H 1
| #define HAVE_STDLIB_H 1
| #define HAVE_STRING_H 1
| #define HAVE_UNISTD_H 1
| #define HAVE_SYS_PARAM_H 1
| #define HAVE_ASPRINTF 1
| #define HAVE_FWPRINTF 1
| #define HAVE_GETCWD 1
| #define HAVE_GETEGID 1
| #define HAVE_GETEUID 1
| #define HAVE_GETGID 1
| #define HAVE_GETUID 1
| #define HAVE_MEMPCPY 1
| #define HAVE_MUNMAP 1
| #define HAVE_PUTENV 1
| #define HAVE_SETENV 1
| #define HAVE_SETLOCALE 1
| #define HAVE_SNPRINTF 1
| #define HAVE_STPCPY 1
| #define HAVE_STRCASECMP 1
| #define HAVE_STRDUP 1
| #define HAVE_STRTOUL 1
| #define HAVE_TSEARCH 1
| #define HAVE_WCSLEN 1
| #define HAVE___ARGZ_COUNT 1
| #define HAVE___ARGZ_STRINGIFY 1
| #define HAVE___ARGZ_NEXT 1
| #define HAVE___FSETLOCKING 1
| /* end confdefs.h.  */
| #include <stdio.h>
| int
| main ()
| {
| 
| #ifndef _snprintf
|   char *p = (char *) _snprintf;
| #endif
| 
|   ;
|   return 0;
| }
configure:8007: result: no
configure:8021: checking whether _snwprintf is declared
configure:8041: gcc -c -g -O2 -I/home/king/xfstests-bld/bld/include  conftest.c >&5
conftest.c: In function 'main':
conftest.c:88:22: error: '_snwprintf' undeclared (first use in this function)
   char *p = (char *) _snwprintf;
                      ^~~~~~~~~~
conftest.c:88:22: note: each undeclared identifier is reported only once for each function it appears in
configure:8041: $? = 1
configure: failed program was:
| /* confdefs.h */
| #define PACKAGE_NAME ""
| #define PACKAGE_TARNAME ""
| #define PACKAGE_VERSION ""
| #define PACKAGE_STRING ""
| #define PACKAGE_BUGREPORT ""
| #define PACKAGE_URL ""
| #define HAVE_DLOPEN 1
| #define STDC_HEADERS 1
| #define HAVE_SYS_TYPES_H 1
| #define HAVE_SYS_STAT_H 1
| #define HAVE_STDLIB_H 1
| #define HAVE_STRING_H 1
| #define HAVE_MEMORY_H 1
| #define HAVE_STRINGS_H 1
| #define HAVE_INTTYPES_H 1
| #define HAVE_STDINT_H 1
| #define HAVE_UNISTD_H 1
| #define ENABLE_HTREE 1
| #define CONFIG_TESTIO_DEBUG 1
| #define CONFIG_BUILD_FINDFS 1
| #define TLS __thread
| #define USE_UUIDD 1
| #define PACKAGE "e2fsprogs"
| #define VERSION "0.14.1"
| #define HAVE_LONG_LONG 1
| #define HAVE_LONG_DOUBLE 1
| #define HAVE_WCHAR_T 1
| #define HAVE_WINT_T 1
| #define HAVE_INTTYPES_H_WITH_UINTMAX 1
| #define HAVE_STDINT_H_WITH_UINTMAX 1
| #define HAVE_INTMAX_T 1
| #define HAVE_POSIX_PRINTF 1
| #define HAVE_ALLOCA_H 1
| #define HAVE_ALLOCA 1
| #define HAVE_STDLIB_H 1
| #define HAVE_UNISTD_H 1
| #define HAVE_SYS_PARAM_H 1
| #define HAVE_GETPAGESIZE 1
| #define HAVE_MMAP 1
| #define INTDIV0_RAISES_SIGFPE 1
| #define HAVE_UNSIGNED_LONG_LONG 1
| #define HAVE_UINTMAX_T 1
| #define HAVE_INTTYPES_H 1
| #define HAVE_STDINT_H 1
| #define HAVE_STDINT_H 1
| #define HAVE_ARGZ_H 1
| #define HAVE_LIMITS_H 1
| #define HAVE_LOCALE_H 1
| #define HAVE_NL_TYPES_H 1
| #define HAVE_MALLOC_H 1
| #define HAVE_STDDEF_H 1
| #define HAVE_STDLIB_H 1
| #define HAVE_STRING_H 1
| #define HAVE_UNISTD_H 1
| #define HAVE_SYS_PARAM_H 1
| #define HAVE_ASPRINTF 1
| #define HAVE_FWPRINTF 1
| #define HAVE_GETCWD 1
| #define HAVE_GETEGID 1
| #define HAVE_GETEUID 1
| #define HAVE_GETGID 1
| #define HAVE_GETUID 1
| #define HAVE_MEMPCPY 1
| #define HAVE_MUNMAP 1
| #define HAVE_PUTENV 1
| #define HAVE_SETENV 1
| #define HAVE_SETLOCALE 1
| #define HAVE_SNPRINTF 1
| #define HAVE_STPCPY 1
| #define HAVE_STRCASECMP 1
| #define HAVE_STRDUP 1
| #define HAVE_STRTOUL 1
| #define HAVE_TSEARCH 1
| #define HAVE_WCSLEN 1
| #define HAVE___ARGZ_COUNT 1
| #define HAVE___ARGZ_STRINGIFY 1
| #define HAVE___ARGZ_NEXT 1
| #define HAVE___FSETLOCKING 1
| #define HAVE_DECL__SNPRINTF 0
| /* end confdefs.h.  */
| #include <stdio.h>
| int
| main ()
| {
| 
| #ifndef _snwprintf
|   char *p = (char *) _snwprintf;
| #endif
| 
|   ;
|   return 0;
| }
configure:8048: result: no
configure:8063: checking whether feof_unlocked is declared
configure:8083: gcc -c -g -O2 -I/home/king/xfstests-bld/bld/include  conftest.c >&5
configure:8083: $? = 0
configure:8090: result: yes
configure:8104: checking whether fgets_unlocked is declared
configure:8124: gcc -c -g -O2 -I/home/king/xfstests-bld/bld/include  conftest.c >&5
conftest.c: In function 'main':
conftest.c:90:22: error: 'fgets_unlocked' undeclared (first use in this function)
   char *p = (char *) fgets_unlocked;
                      ^~~~~~~~~~~~~~
conftest.c:90:22: note: each undeclared identifier is reported only once for each function it appears in
configure:8124: $? = 1
configure: failed program was:
| /* confdefs.h */
| #define PACKAGE_NAME ""
| #define PACKAGE_TARNAME ""
| #define PACKAGE_VERSION ""
| #define PACKAGE_STRING ""
| #define PACKAGE_BUGREPORT ""
| #define PACKAGE_URL ""
| #define HAVE_DLOPEN 1
| #define STDC_HEADERS 1
| #define HAVE_SYS_TYPES_H 1
| #define HAVE_SYS_STAT_H 1
| #define HAVE_STDLIB_H 1
| #define HAVE_STRING_H 1
| #define HAVE_MEMORY_H 1
| #define HAVE_STRINGS_H 1
| #define HAVE_INTTYPES_H 1
| #define HAVE_STDINT_H 1
| #define HAVE_UNISTD_H 1
| #define ENABLE_HTREE 1
| #define CONFIG_TESTIO_DEBUG 1
| #define CONFIG_BUILD_FINDFS 1
| #define TLS __thread
| #define USE_UUIDD 1
| #define PACKAGE "e2fsprogs"
| #define VERSION "0.14.1"
| #define HAVE_LONG_LONG 1
| #define HAVE_LONG_DOUBLE 1
| #define HAVE_WCHAR_T 1
| #define HAVE_WINT_T 1
| #define HAVE_INTTYPES_H_WITH_UINTMAX 1
| #define HAVE_STDINT_H_WITH_UINTMAX 1
| #define HAVE_INTMAX_T 1
| #define HAVE_POSIX_PRINTF 1
| #define HAVE_ALLOCA_H 1
| #define HAVE_ALLOCA 1
| #define HAVE_STDLIB_H 1
| #define HAVE_UNISTD_H 1
| #define HAVE_SYS_PARAM_H 1
| #define HAVE_GETPAGESIZE 1
| #define HAVE_MMAP 1
| #define INTDIV0_RAISES_SIGFPE 1
| #define HAVE_UNSIGNED_LONG_LONG 1
| #define HAVE_UINTMAX_T 1
| #define HAVE_INTTYPES_H 1
| #define HAVE_STDINT_H 1
| #define HAVE_STDINT_H 1
| #define HAVE_ARGZ_H 1
| #define HAVE_LIMITS_H 1
| #define HAVE_LOCALE_H 1
| #define HAVE_NL_TYPES_H 1
| #define HAVE_MALLOC_H 1
| #define HAVE_STDDEF_H 1
| #define HAVE_STDLIB_H 1
| #define HAVE_STRING_H 1
| #define HAVE_UNISTD_H 1
| #define HAVE_SYS_PARAM_H 1
| #define HAVE_ASPRINTF 1
| #define HAVE_FWPRINTF 1
| #define HAVE_GETCWD 1
| #define HAVE_GETEGID 1
| #define HAVE_GETEUID 1
| #define HAVE_GETGID 1
| #define HAVE_GETUID 1
| #define HAVE_MEMPCPY 1
| #define HAVE_MUNMAP 1
| #define HAVE_PUTENV 1
| #define HAVE_SETENV 1
| #define HAVE_SETLOCALE 1
| #define HAVE_SNPRINTF 1
| #define HAVE_STPCPY 1
| #define HAVE_STRCASECMP 1
| #define HAVE_STRDUP 1
| #define HAVE_STRTOUL 1
| #define HAVE_TSEARCH 1
| #define HAVE_WCSLEN 1
| #define HAVE___ARGZ_COUNT 1
| #define HAVE___ARGZ_STRINGIFY 1
| #define HAVE___ARGZ_NEXT 1
| #define HAVE___FSETLOCKING 1
| #define HAVE_DECL__SNPRINTF 0
| #define HAVE_DECL__SNWPRINTF 0
| #define HAVE_DECL_FEOF_UNLOCKED 1
| /* end confdefs.h.  */
| #include <stdio.h>
| int
| main ()
| {
| 
| #ifndef fgets_unlocked
|   char *p = (char *) fgets_unlocked;
| #endif
| 
|   ;
|   return 0;
| }
configure:8131: result: no
configure:8145: checking whether getc_unlocked is declared
configure:8165: gcc -c -g -O2 -I/home/king/xfstests-bld/bld/include  conftest.c >&5
configure:8165: $? = 0
configure:8172: result: yes
configure:8240: checking for iconv
configure:8262: gcc -o conftest -g -O2 -I/home/king/xfstests-bld/bld/include   -static -L/home/king/xfstests-bld/bld/lib conftest.c  >&5
configure:8262: $? = 0
configure:8294: result: yes
configure:8315: checking for iconv declaration
configure:8344: gcc -c -g -O2 -I/home/king/xfstests-bld/bld/include  conftest.c >&5
configure:8344: $? = 0
configure:8355: result: install-shextern size_t iconv (iconv_t cd, char * *inbuf, size_t *inbytesleft, char * *outbuf, size_t *outbytesleft);
configure:8366: checking for nl_langinfo and CODESET
configure:8382: gcc -o conftest -g -O2 -I/home/king/xfstests-bld/bld/include   -static -L/home/king/xfstests-bld/bld/lib conftest.c  >&5

## ---------------- ##
## Cache variables. ##
## ---------------- ##

ac_cv_build=x86_64-pc-linux-gnu
ac_cv_c_compiler_gnu=yes
ac_cv_c_const=yes
ac_cv_c_inline=inline
ac_cv_env_CC_set=
ac_cv_env_CC_value=
ac_cv_env_CFLAGS_set=set
ac_cv_env_CFLAGS_value='-g -O2 -I/home/king/xfstests-bld/bld/include'
ac_cv_env_CPPFLAGS_set=
ac_cv_env_CPPFLAGS_value=
ac_cv_env_CPP_set=
ac_cv_env_CPP_value=
ac_cv_env_LDFLAGS_set=set
ac_cv_env_LDFLAGS_value=' -static -L/home/king/xfstests-bld/bld/lib'
ac_cv_env_LIBS_set=
ac_cv_env_LIBS_value=
ac_cv_env_PKG_CONFIG_set=
ac_cv_env_PKG_CONFIG_value=
ac_cv_env_build_alias_set=
ac_cv_env_build_alias_value=
ac_cv_env_host_alias_set=
ac_cv_env_host_alias_value=
ac_cv_env_target_alias_set=
ac_cv_env_target_alias_value=
ac_cv_func___argz_count=yes
ac_cv_func___argz_next=yes
ac_cv_func___argz_stringify=yes
ac_cv_func___fsetlocking=yes
ac_cv_func_alloca_works=yes
ac_cv_func_asprintf=yes
ac_cv_func_fwprintf=yes
ac_cv_func_getcwd=yes
ac_cv_func_getegid=yes
ac_cv_func_geteuid=yes
ac_cv_func_getgid=yes
ac_cv_func_getpagesize=yes
ac_cv_func_getuid=yes
ac_cv_func_mempcpy=yes
ac_cv_func_mmap_fixed_mapped=yes
ac_cv_func_munmap=yes
ac_cv_func_putenv=yes
ac_cv_func_setenv=yes
ac_cv_func_setlocale=yes
ac_cv_func_snprintf=yes
ac_cv_func_stpcpy=yes
ac_cv_func_strcasecmp=yes
ac_cv_func_strdup=yes
ac_cv_func_strtoul=yes
ac_cv_func_tsearch=yes
ac_cv_func_wcslen=yes
ac_cv_gnu_library_2_1=yes
ac_cv_have_decl__snprintf=no
ac_cv_have_decl__snwprintf=no
ac_cv_have_decl_feof_unlocked=yes
ac_cv_have_decl_fgets_unlocked=no
ac_cv_have_decl_getc_unlocked=yes
ac_cv_header_argz_h=yes
ac_cv_header_inttypes_h=yes
ac_cv_header_limits_h=yes
ac_cv_header_linux_fs_h=yes
ac_cv_header_locale_h=yes
ac_cv_header_malloc_h=yes
ac_cv_header_memory_h=yes
ac_cv_header_nl_types_h=yes
ac_cv_header_stdc=yes
ac_cv_header_stddef_h=yes
ac_cv_header_stdint_h=yes
ac_cv_header_stdlib_h=yes
ac_cv_header_string_h=yes
ac_cv_header_strings_h=yes
ac_cv_header_sys_param_h=yes
ac_cv_header_sys_stat_h=yes
ac_cv_header_sys_types_h=yes
ac_cv_header_unistd_h=yes
ac_cv_host=x86_64-pc-linux-gnu
ac_cv_lib_cposix_strerror=no
ac_cv_lib_dl_dlopen=yes
ac_cv_objext=o
ac_cv_path_EGREP='/bin/grep -E'
ac_cv_path_GMSGFMT=/usr/bin/msgfmt
ac_cv_path_GREP=/bin/grep
ac_cv_path_MSGFMT=/usr/bin/msgfmt
ac_cv_path_MSGMERGE=/usr/bin/msgmerge
ac_cv_path_XGETTEXT=/usr/bin/xgettext
ac_cv_path_ac_pt_PKG_CONFIG=/usr/bin/pkg-config
ac_cv_path_install='/usr/bin/install -c'
ac_cv_prog_CPP='gcc -E'
ac_cv_prog_ac_ct_CC=gcc
ac_cv_prog_ac_ct_RANLIB=ranlib
ac_cv_prog_cc_c89=
ac_cv_prog_cc_g=yes
ac_cv_prog_make_make_set=yes
ac_cv_tls=__thread
ac_cv_type_long_long=yes
ac_cv_type_off_t=yes
ac_cv_type_ptrdiff_t=yes
ac_cv_type_size_t=yes
ac_cv_type_unsigned_long_long=yes
ac_cv_working_alloca_h=yes
acl_cv_hardcode_direct=no
acl_cv_hardcode_libdir_flag_spec='${wl}-rpath ${wl}$libdir'
acl_cv_hardcode_libdir_separator=
acl_cv_hardcode_minus_L=no
acl_cv_libext=a
acl_cv_libname_spec='lib$name'
acl_cv_library_names_spec='$libname$shrext'
acl_cv_path_LD=/usr/bin/ld
acl_cv_prog_gnu_ld=yes
acl_cv_rpath=done
acl_cv_shlibext=so
acl_cv_wl=-Wl,
am_cv_func_iconv=yes
am_cv_lib_iconv=no
am_cv_proto_iconv='extern size_t iconv (iconv_t cd, char * *inbuf, size_t *inbytesleft, char * *outbuf, size_t *outbytesleft);'
am_cv_proto_iconv_arg1=
bh_cv_c_signed=yes
gt_cv_c_intmax_t=yes
gt_cv_c_long_double=yes
gt_cv_c_wchar_t=yes
gt_cv_c_wint_t=yes
gt_cv_func_printf_posix=yes
gt_cv_header_inttypes_h=yes
gt_cv_int_divbyzero_sigfpe=yes
gt_cv_inttypes_pri_broken=no
jm_ac_cv_header_inttypes_h=yes
jm_ac_cv_header_stdint_h=yes

## ----------------- ##
## Output variables. ##
## ----------------- ##

ALLOCA=''
AR=''
AWK=''
BINARY_TYPE='bin'
BLKID_CMT=''
BSDLIB_CMT='#'
BUILD_CC=''
BUILD_CFLAGS=''
BUILD_INCLUDED_LIBINTL=''
BUILD_LDFLAGS=''
CATOBJEXT=''
CC='gcc'
CFLAGS='-g -O2 -I/home/king/xfstests-bld/bld/include'
CHECKER_CMT='#'
CHMOD=''
CP=''
CPP='gcc -E'
CPPFLAGS=''
CYGWIN_CMT=''
DATADIRNAME=''
DEBUGFS_CMT=''
DEFS=''
DEPLIBBLKID='$(LIB)/libblkid.a'
DEPLIBUUID='$(LIB)/libuuid.a'
DEPPROFILED_LIBBLKID='$(LIB)/libblkid.a'
DEPPROFILED_LIBUUID='$(LIB)/libuuid.a'
DEPSTATIC_LIBBLKID='$(LIB)/libblkid.a'
DEPSTATIC_LIBUUID='$(LIB)/libuuid.a'
DLOPEN_LIB='-ldl'
DO_TEST_SUITE=''
E2FSPROGS_DAY='22'
E2FSPROGS_MONTH='December'
E2FSPROGS_PKGVER='1.41.14'
E2FSPROGS_VERSION='1.41.14'
E2FSPROGS_YEAR='2010'
E2INITRD_MAN='e2initrd_helper.8'
E2INITRD_PROG='e2initrd_helper'
E='@echo'
ECHO_C=''
ECHO_N='-n'
ECHO_T=''
EGREP='/bin/grep -E'
ELF_CMT='#'
ET_DIR=''
EXEEXT=''
FSCK_MAN='fsck.8'
FSCK_PROG='fsck'
GENCAT=''
GETTEXT_PACKAGE='e2fsprogs'
GLIBC21='yes'
GMSGFMT='/usr/bin/msgfmt'
GREP='/bin/grep'
HAVE_ASPRINTF='1'
HAVE_POSIX_PRINTF='1'
HAVE_SNPRINTF='1'
HAVE_WPRINTF='0'
HTREE_CMT=''
IMAGER_CMT=''
INSTALL_DATA='${INSTALL} -m 644'
INSTALL_PROGRAM='${INSTALL}'
INSTALL_SCRIPT='${INSTALL}'
INSTOBJEXT=''
INTLBISON=''
INTLLIBS=''
INTLOBJS=''
INTL_FLAGS=''
INTL_LIBTOOL_SUFFIX_PREFIX=''
LDCONFIG=''
LDFLAGS=' -static -L/home/king/xfstests-bld/bld/lib'
LDFLAG_DYNAMIC=''
LDFLAG_STATIC=''
LIBBLKID='$(LIB)/libblkid.a'
LIBICONV=''
LIBINTL=''
LIBOBJS=''
LIBS=''
LIBUUID='$(LIB)/libuuid.a'
LIB_EXT='.a'
LINK_BUILD_FLAGS=''
LINK_INSTALL_FLAGS='-f'
LINUX_CMT=''
LINUX_INCLUDE=''
LN=''
LN_S=''
LTLIBICONV=''
LTLIBINTL=''
LTLIBOBJS=''
MAINTAINER_CMT='#'
MAKEINFO=''
MKINSTALLDIRS='$(top_builddir)/config/mkinstalldirs'
MSGFMT='/usr/bin/msgfmt'
MSGMERGE='/usr/bin/msgmerge'
MV=''
OBJEXT='o'
PACKAGE='e2fsprogs'
PACKAGE_BUGREPORT=''
PACKAGE_NAME=''
PACKAGE_STRING=''
PACKAGE_TARNAME=''
PACKAGE_URL=''
PACKAGE_VERSION=''
PATH_SEPARATOR=':'
PERL=''
PKG_CONFIG='/usr/bin/pkg-config'
POSUB=''
PRIVATE_LIBS_CMT=''
PROFILED_LIBBLKID='$(LIB)/libblkid.a'
PROFILED_LIBUUID='$(LIB)/libuuid.a'
PROFILED_LIB_EXT='.a'
PROFILE_CMT='#'
Q='@'
RANLIB='ranlib'
RESIZER_CMT=''
RM=''
SED=''
SEM_INIT_LIB=''
SET_MAKE=''
SHELL='/bin/bash'
SIZEOF_INT=''
SIZEOF_LONG=''
SIZEOF_LONG_LONG=''
SIZEOF_SHORT=''
SOCKET_LIB=''
SS_DIR=''
STATIC_LIBBLKID='$(LIB)/libblkid.a'
STATIC_LIBUUID='$(LIB)/libuuid.a'
STATIC_LIB_EXT='.a'
STRIP=''
TEST_IO_CMT=''
UNIX_CMT=''
UNI_DIFF_OPTS=''
USE_INCLUDED_LIBINTL=''
USE_NLS='no'
UUIDD_CMT=''
UUID_CMT=''
VERSION='0.14.1'
XGETTEXT='/usr/bin/xgettext'
ac_ct_CC='gcc'
bindir='${exec_prefix}/bin'
build='x86_64-pc-linux-gnu'
build_alias=''
build_cpu='x86_64'
build_os='linux-gnu'
build_vendor='pc'
datadir='${datarootdir}'
datarootdir='${prefix}/share'
docdir='${datarootdir}/doc/${PACKAGE}'
dvidir='${docdir}'
exec_prefix='NONE'
host='x86_64-pc-linux-gnu'
host_alias=''
host_cpu='x86_64'
host_os='linux-gnu'
host_vendor='pc'
htmldir='${docdir}'
ifGNUmake=''
ifNotGNUmake=''
includedir='${prefix}/include'
infodir='${datarootdir}/info'
libdir='${exec_prefix}/lib'
libexecdir='${exec_prefix}/libexec'
localedir='${datarootdir}/locale'
localstatedir='${prefix}/var'
mandir='${datarootdir}/man'
oldincludedir='/usr/include'
pdfdir='${docdir}'
prefix='/'
program_transform_name='s,x,x,'
psdir='${docdir}'
root_bindir=''
root_libdir=''
root_prefix='NONE'
root_sbindir=''
root_sysconfdir=''
sbindir='${exec_prefix}/sbin'
sharedstatedir='${prefix}/com'
sysconfdir='${prefix}/etc'
target_alias=''

## ------------------- ##
## File substitutions. ##
## ------------------- ##

ASM_TYPES_HEADER=''
MAKEFILE_BSDLIB='/dev/null'
MAKEFILE_CHECKER='/dev/null'
MAKEFILE_ELF='/dev/null'
MAKEFILE_LIBRARY='./lib/Makefile.library'
MAKEFILE_PROFILE='/dev/null'
MCONFIG='./MCONFIG'
PUBLIC_CONFIG_HEADER=''

## ----------- ##
## confdefs.h. ##
## ----------- ##

/* confdefs.h */
#define PACKAGE_NAME ""
#define PACKAGE_TARNAME ""
#define PACKAGE_VERSION ""
#define PACKAGE_STRING ""
#define PACKAGE_BUGREPORT ""
#define PACKAGE_URL ""
#define HAVE_DLOPEN 1
#define STDC_HEADERS 1
#define HAVE_SYS_TYPES_H 1
#define HAVE_SYS_STAT_H 1
#define HAVE_STDLIB_H 1
#define HAVE_STRING_H 1
#define HAVE_MEMORY_H 1
#define HAVE_STRINGS_H 1
#define HAVE_INTTYPES_H 1
#define HAVE_STDINT_H 1
#define HAVE_UNISTD_H 1
#define ENABLE_HTREE 1
#define CONFIG_TESTIO_DEBUG 1
#define CONFIG_BUILD_FINDFS 1
#define TLS __thread
#define USE_UUIDD 1
#define PACKAGE "e2fsprogs"
#define VERSION "0.14.1"
#define HAVE_LONG_LONG 1
#define HAVE_LONG_DOUBLE 1
#define HAVE_WCHAR_T 1
#define HAVE_WINT_T 1
#define HAVE_INTTYPES_H_WITH_UINTMAX 1
#define HAVE_STDINT_H_WITH_UINTMAX 1
#define HAVE_INTMAX_T 1
#define HAVE_POSIX_PRINTF 1
#define HAVE_ALLOCA_H 1
#define HAVE_ALLOCA 1
#define HAVE_STDLIB_H 1
#define HAVE_UNISTD_H 1
#define HAVE_SYS_PARAM_H 1
#define HAVE_GETPAGESIZE 1
#define HAVE_MMAP 1
#define INTDIV0_RAISES_SIGFPE 1
#define HAVE_UNSIGNED_LONG_LONG 1
#define HAVE_UINTMAX_T 1
#define HAVE_INTTYPES_H 1
#define HAVE_STDINT_H 1
#define HAVE_STDINT_H 1
#define HAVE_ARGZ_H 1
#define HAVE_LIMITS_H 1
#define HAVE_LOCALE_H 1
#define HAVE_NL_TYPES_H 1
#define HAVE_MALLOC_H 1
#define HAVE_STDDEF_H 1
#define HAVE_STDLIB_H 1
#define HAVE_STRING_H 1
#define HAVE_UNISTD_H 1
#define HAVE_SYS_PARAM_H 1
#define HAVE_ASPRINTF 1
#define HAVE_FWPRINTF 1
#define HAVE_GETCWD 1
#define HAVE_GETEGID 1
#define HAVE_GETEUID 1
#define HAVE_GETGID 1
#define HAVE_GETUID 1
#define HAVE_MEMPCPY 1
#define HAVE_MUNMAP 1
#define HAVE_PUTENV 1
#define HAVE_SETENV 1
#define HAVE_SETLOCALE 1
#define HAVE_SNPRINTF 1
#define HAVE_STPCPY 1
#define HAVE_STRCASECMP 1
#define HAVE_STRDUP 1
#define HAVE_STRTOUL 1
#define HAVE_TSEARCH 1
#define HAVE_WCSLEN 1
#define HAVE___ARGZ_COUNT 1
#define HAVE___ARGZ_STRINGIFY 1
#define HAVE___ARGZ_NEXT 1
#define HAVE___FSETLOCKING 1
#define HAVE_DECL__SNPRINTF 0
#define HAVE_DECL__SNWPRINTF 0
#define HAVE_DECL_FEOF_UNLOCKED 1
#define HAVE_DECL_FGETS_UNLOCKED 0
#define HAVE_DECL_GETC_UNLOCKED 1
#define HAVE_ICONV 1
#define ICONV_CONST 

configure: caught signal 2
configure: exit 1
