This file contains any messages produced by compilers while
running configure, to aid debugging if configure makes a mistake.

It was created by acl configure 2.2.53, which was
generated by GNU Autoconf 2.69.  Invocation command line was

  $ ./configure --prefix=/home/king/xfstests-bld/bld --disable-nls

## --------- ##
## Platform. ##
## --------- ##

hostname = ubuntu
uname -m = x86_64
uname -r = 4.8.0-5-generic
uname -s = Linux
uname -v = #6 SMP Thu Aug 25 14:49:54 UTC 2016

/usr/bin/uname -p = unknown
/bin/uname -X     = unknown

/bin/arch              = unknown
/usr/bin/arch -k       = unknown
/usr/convex/getsysinfo = unknown
/usr/bin/hostinfo      = unknown
/bin/machine           = unknown
/usr/bin/oslevel       = unknown
/bin/universe          = unknown

PATH: /home/king/bin
PATH: /home/king/.local/bin
PATH: /usr/local/sbin
PATH: /usr/local/bin
PATH: /usr/sbin
PATH: /usr/bin
PATH: /sbin
PATH: /bin
PATH: /usr/games
PATH: /usr/local/games
PATH: /snap/bin


## ----------- ##
## Core tests. ##
## ----------- ##

configure:2289: checking for a BSD-compatible install
configure:2357: result: /usr/bin/install -c
configure:2368: checking whether build environment is sane
configure:2423: result: yes
configure:2574: checking for a thread-safe mkdir -p
configure:2613: result: /bin/mkdir -p
configure:2620: checking for gawk
configure:2636: found /usr/bin/gawk
configure:2647: result: gawk
configure:2658: checking whether make sets $(MAKE)
configure:2680: result: yes
configure:2709: checking whether make supports nested variables
configure:2726: result: yes
configure:2863: checking whether make supports nested variables
configure:2880: result: yes
configure:2940: checking for gcc
configure:2956: found /usr/bin/gcc
configure:2967: result: gcc
configure:3196: checking for C compiler version
configure:3205: gcc --version >&5
gcc (Ubuntu 6.2.0-3ubuntu11) 6.2.0 20160901
Copyright (C) 2016 Free Software Foundation, Inc.
This is free software; see the source for copying conditions.  There is NO
warranty; not even for MERCHANTABILITY or FITNESS FOR A PARTICULAR PURPOSE.

configure:3216: $? = 0
configure:3205: gcc -v >&5
Using built-in specs.
COLLECT_GCC=gcc
COLLECT_LTO_WRAPPER=/usr/lib/gcc/x86_64-linux-gnu/6/lto-wrapper
Target: x86_64-linux-gnu
Configured with: ../src/configure -v --with-pkgversion='Ubuntu 6.2.0-3ubuntu11' --with-bugurl=file:///usr/share/doc/gcc-6/README.Bugs --enable-languages=c,ada,c++,java,go,d,fortran,objc,obj-c++ --prefix=/usr --program-suffix=-6 --enable-shared --enable-linker-build-id --libexecdir=/usr/lib --without-included-gettext --enable-threads=posix --libdir=/usr/lib --enable-nls --with-sysroot=/ --enable-clocale=gnu --enable-libstdcxx-debug --enable-libstdcxx-time=yes --with-default-libstdcxx-abi=new --enable-gnu-unique-object --disable-vtable-verify --enable-libmpx --enable-plugin --enable-default-pie --with-system-zlib --disable-browser-plugin --enable-java-awt=gtk --enable-gtk-cairo --with-java-home=/usr/lib/jvm/java-1.5.0-gcj-6-amd64/jre --enable-java-home --with-jvm-root-dir=/usr/lib/jvm/java-1.5.0-gcj-6-amd64 --with-jvm-jar-dir=/usr/lib/jvm-exports/java-1.5.0-gcj-6-amd64 --with-arch-directory=amd64 --with-ecj-jar=/usr/share/java/eclipse-ecj.jar --enable-objc-gc --enable-multiarch --disable-werror --with-arch-32=i686 --with-abi=m64 --with-multilib-list=m32,m64,mx32 --enable-multilib --with-tune=generic --enable-checking=release --build=x86_64-linux-gnu --host=x86_64-linux-gnu --target=x86_64-linux-gnu
Thread model: posix
gcc version 6.2.0 20160901 (Ubuntu 6.2.0-3ubuntu11) 
configure:3216: $? = 0
configure:3205: gcc -V >&5
gcc: error: unrecognized command line option '-V'
gcc: fatal error: no input files
compilation terminated.
configure:3216: $? = 1
configure:3205: gcc -qversion >&5
gcc: error: unrecognized command line option '-qversion'; did you mean '--version'?
gcc: fatal error: no input files
compilation terminated.
configure:3216: $? = 1
configure:3236: checking whether the C compiler works
configure:3258: gcc -g -O2 -I/home/king/xfstests-bld/bld/include -I/home/king/xfstests-bld/bld/include  -static -L/home/king/xfstests-bld/bld/lib conftest.c  >&5
configure:3262: $? = 0
configure:3310: result: yes
configure:3313: checking for C compiler default output file name
configure:3315: result: a.out
configure:3321: checking for suffix of executables
configure:3328: gcc -o conftest -g -O2 -I/home/king/xfstests-bld/bld/include -I/home/king/xfstests-bld/bld/include  -static -L/home/king/xfstests-bld/bld/lib conftest.c  >&5
configure:3332: $? = 0
configure:3354: result: 
configure:3376: checking whether we are cross compiling
configure:3384: gcc -o conftest -g -O2 -I/home/king/xfstests-bld/bld/include -I/home/king/xfstests-bld/bld/include  -static -L/home/king/xfstests-bld/bld/lib conftest.c  >&5
configure:3388: $? = 0
configure:3395: ./conftest
configure:3399: $? = 0
configure:3414: result: no
configure:3419: checking for suffix of object files
configure:3441: gcc -c -g -O2 -I/home/king/xfstests-bld/bld/include -I/home/king/xfstests-bld/bld/include conftest.c >&5
configure:3445: $? = 0
configure:3466: result: o
configure:3470: checking whether we are using the GNU C compiler
configure:3489: gcc -c -g -O2 -I/home/king/xfstests-bld/bld/include -I/home/king/xfstests-bld/bld/include conftest.c >&5
configure:3489: $? = 0
configure:3498: result: yes
configure:3507: checking whether gcc accepts -g
configure:3527: gcc -c -g -I/home/king/xfstests-bld/bld/include conftest.c >&5
configure:3527: $? = 0
configure:3568: result: yes
configure:3585: checking for gcc option to accept ISO C89
configure:3648: gcc  -c -g -O2 -I/home/king/xfstests-bld/bld/include -I/home/king/xfstests-bld/bld/include conftest.c >&5
configure:3648: $? = 0
configure:3661: result: none needed
configure:3686: checking whether gcc understands -c and -o together
configure:3708: gcc -c conftest.c -o conftest2.o
configure:3711: $? = 0
configure:3708: gcc -c conftest.c -o conftest2.o
configure:3711: $? = 0
configure:3723: result: yes
configure:3751: checking for style of include used by make
configure:3779: result: GNU
configure:3805: checking dependency style of gcc
configure:3916: result: gcc3
configure:3938: checking how to run the C preprocessor
configure:3969: gcc -E -I/home/king/xfstests-bld/bld/include conftest.c
configure:3969: $? = 0
configure:3983: gcc -E -I/home/king/xfstests-bld/bld/include conftest.c
conftest.c:11:28: fatal error: ac_nonexistent.h: No such file or directory
 #include <ac_nonexistent.h>
                            ^
compilation terminated.
configure:3983: $? = 1
configure: failed program was:
| /* confdefs.h */
| #define PACKAGE_NAME "acl"
| #define PACKAGE_TARNAME "acl"
| #define PACKAGE_VERSION "2.2.53"
| #define PACKAGE_STRING "acl 2.2.53"
| #define PACKAGE_BUGREPORT "acl-devel@nongnu.org"
| #define PACKAGE_URL ""
| #define PACKAGE "acl"
| #define VERSION "2.2.53"
| /* end confdefs.h.  */
| #include <ac_nonexistent.h>
configure:4008: result: gcc -E
configure:4028: gcc -E -I/home/king/xfstests-bld/bld/include conftest.c
configure:4028: $? = 0
configure:4042: gcc -E -I/home/king/xfstests-bld/bld/include conftest.c
conftest.c:11:28: fatal error: ac_nonexistent.h: No such file or directory
 #include <ac_nonexistent.h>
                            ^
compilation terminated.
configure:4042: $? = 1
configure: failed program was:
| /* confdefs.h */
| #define PACKAGE_NAME "acl"
| #define PACKAGE_TARNAME "acl"
| #define PACKAGE_VERSION "2.2.53"
| #define PACKAGE_STRING "acl 2.2.53"
| #define PACKAGE_BUGREPORT "acl-devel@nongnu.org"
| #define PACKAGE_URL ""
| #define PACKAGE "acl"
| #define VERSION "2.2.53"
| /* end confdefs.h.  */
| #include <ac_nonexistent.h>
configure:4071: checking for grep that handles long lines and -e
configure:4129: result: /bin/grep
configure:4134: checking for egrep
configure:4196: result: /bin/grep -E
configure:4201: checking for ANSI C header files
configure:4221: gcc -c -g -O2 -I/home/king/xfstests-bld/bld/include -I/home/king/xfstests-bld/bld/include conftest.c >&5
configure:4221: $? = 0
configure:4294: gcc -o conftest -g -O2 -I/home/king/xfstests-bld/bld/include -I/home/king/xfstests-bld/bld/include  -static -L/home/king/xfstests-bld/bld/lib conftest.c  >&5
configure:4294: $? = 0
configure:4294: ./conftest
configure:4294: $? = 0
configure:4305: result: yes
configure:4318: checking for sys/types.h
configure:4318: gcc -c -g -O2 -I/home/king/xfstests-bld/bld/include -I/home/king/xfstests-bld/bld/include conftest.c >&5
configure:4318: $? = 0
configure:4318: result: yes
configure:4318: checking for sys/stat.h
configure:4318: gcc -c -g -O2 -I/home/king/xfstests-bld/bld/include -I/home/king/xfstests-bld/bld/include conftest.c >&5
configure:4318: $? = 0
configure:4318: result: yes
configure:4318: checking for stdlib.h
configure:4318: gcc -c -g -O2 -I/home/king/xfstests-bld/bld/include -I/home/king/xfstests-bld/bld/include conftest.c >&5
configure:4318: $? = 0
configure:4318: result: yes
configure:4318: checking for string.h
configure:4318: gcc -c -g -O2 -I/home/king/xfstests-bld/bld/include -I/home/king/xfstests-bld/bld/include conftest.c >&5
configure:4318: $? = 0
configure:4318: result: yes
configure:4318: checking for memory.h
configure:4318: gcc -c -g -O2 -I/home/king/xfstests-bld/bld/include -I/home/king/xfstests-bld/bld/include conftest.c >&5
configure:4318: $? = 0
configure:4318: result: yes
configure:4318: checking for strings.h
configure:4318: gcc -c -g -O2 -I/home/king/xfstests-bld/bld/include -I/home/king/xfstests-bld/bld/include conftest.c >&5
configure:4318: $? = 0
configure:4318: result: yes
configure:4318: checking for inttypes.h
configure:4318: gcc -c -g -O2 -I/home/king/xfstests-bld/bld/include -I/home/king/xfstests-bld/bld/include conftest.c >&5
configure:4318: $? = 0
configure:4318: result: yes
configure:4318: checking for stdint.h
configure:4318: gcc -c -g -O2 -I/home/king/xfstests-bld/bld/include -I/home/king/xfstests-bld/bld/include conftest.c >&5
configure:4318: $? = 0
configure:4318: result: yes
configure:4318: checking for unistd.h
configure:4318: gcc -c -g -O2 -I/home/king/xfstests-bld/bld/include -I/home/king/xfstests-bld/bld/include conftest.c >&5
configure:4318: $? = 0
configure:4318: result: yes
configure:4331: checking minix/config.h usability
configure:4331: gcc -c -g -O2 -I/home/king/xfstests-bld/bld/include -I/home/king/xfstests-bld/bld/include conftest.c >&5
conftest.c:54:26: fatal error: minix/config.h: No such file or directory
 #include <minix/config.h>
                          ^
compilation terminated.
configure:4331: $? = 1
configure: failed program was:
| /* confdefs.h */
| #define PACKAGE_NAME "acl"
| #define PACKAGE_TARNAME "acl"
| #define PACKAGE_VERSION "2.2.53"
| #define PACKAGE_STRING "acl 2.2.53"
| #define PACKAGE_BUGREPORT "acl-devel@nongnu.org"
| #define PACKAGE_URL ""
| #define PACKAGE "acl"
| #define VERSION "2.2.53"
| #define STDC_HEADERS 1
| #define HAVE_SYS_TYPES_H 1
| #define HAVE_SYS_STAT_H 1
| #define HAVE_STDLIB_H 1
| #define HAVE_STRING_H 1
| #define HAVE_MEMORY_H 1
| #define HAVE_STRINGS_H 1
| #define HAVE_INTTYPES_H 1
| #define HAVE_STDINT_H 1
| #define HAVE_UNISTD_H 1
| /* end confdefs.h.  */
| #include <stdio.h>
| #ifdef HAVE_SYS_TYPES_H
| # include <sys/types.h>
| #endif
| #ifdef HAVE_SYS_STAT_H
| # include <sys/stat.h>
| #endif
| #ifdef STDC_HEADERS
| # include <stdlib.h>
| # include <stddef.h>
| #else
| # ifdef HAVE_STDLIB_H
| #  include <stdlib.h>
| # endif
| #endif
| #ifdef HAVE_STRING_H
| # if !defined STDC_HEADERS && defined HAVE_MEMORY_H
| #  include <memory.h>
| # endif
| # include <string.h>
| #endif
| #ifdef HAVE_STRINGS_H
| # include <strings.h>
| #endif
| #ifdef HAVE_INTTYPES_H
| # include <inttypes.h>
| #endif
| #ifdef HAVE_STDINT_H
| # include <stdint.h>
| #endif
| #ifdef HAVE_UNISTD_H
| # include <unistd.h>
| #endif
| #include <minix/config.h>
configure:4331: result: no
configure:4331: checking minix/config.h presence
configure:4331: gcc -E -I/home/king/xfstests-bld/bld/include conftest.c
conftest.c:21:26: fatal error: minix/config.h: No such file or directory
 #include <minix/config.h>
                          ^
compilation terminated.
configure:4331: $? = 1
configure: failed program was:
| /* confdefs.h */
| #define PACKAGE_NAME "acl"
| #define PACKAGE_TARNAME "acl"
| #define PACKAGE_VERSION "2.2.53"
| #define PACKAGE_STRING "acl 2.2.53"
| #define PACKAGE_BUGREPORT "acl-devel@nongnu.org"
| #define PACKAGE_URL ""
| #define PACKAGE "acl"
| #define VERSION "2.2.53"
| #define STDC_HEADERS 1
| #define HAVE_SYS_TYPES_H 1
| #define HAVE_SYS_STAT_H 1
| #define HAVE_STDLIB_H 1
| #define HAVE_STRING_H 1
| #define HAVE_MEMORY_H 1
| #define HAVE_STRINGS_H 1
| #define HAVE_INTTYPES_H 1
| #define HAVE_STDINT_H 1
| #define HAVE_UNISTD_H 1
| /* end confdefs.h.  */
| #include <minix/config.h>
configure:4331: result: no
configure:4331: checking for minix/config.h
configure:4331: result: no
configure:4352: checking whether it is safe to define __EXTENSIONS__
configure:4370: gcc -c -g -O2 -I/home/king/xfstests-bld/bld/include -I/home/king/xfstests-bld/bld/include conftest.c >&5
configure:4370: $? = 0
configure:4377: result: yes
configure:4391: checking whether __attribute__((visibility())) is supported
configure:4412: result: yes
configure:4470: checking for ar
configure:4486: found /usr/bin/ar
configure:4497: result: ar
configure:4523: checking the archiver (ar) interface
configure:4539: gcc -c -g -O2 -I/home/king/xfstests-bld/bld/include -I/home/king/xfstests-bld/bld/include conftest.c >&5
configure:4539: $? = 0
configure:4541: ar cru libconftest.a conftest.o >&5
ar: `u' modifier ignored since `D' is the default (see `U')
configure:4544: $? = 0
configure:4572: result: ar
configure:4621: checking build system type
configure:4635: result: x86_64-pc-linux-gnu
configure:4655: checking host system type
configure:4668: result: x86_64-pc-linux-gnu
configure:4709: checking how to print strings
configure:4736: result: printf
configure:4757: checking for a sed that does not truncate output
configure:4821: result: /bin/sed
configure:4839: checking for fgrep
configure:4901: result: /bin/grep -F
configure:4936: checking for ld used by gcc
configure:5003: result: /usr/bin/ld
configure:5010: checking if the linker (/usr/bin/ld) is GNU ld
configure:5025: result: yes
configure:5037: checking for BSD- or MS-compatible name lister (nm)
configure:5086: result: /usr/bin/nm -B
configure:5216: checking the name lister (/usr/bin/nm -B) interface
configure:5223: gcc -c -g -O2 -I/home/king/xfstests-bld/bld/include -I/home/king/xfstests-bld/bld/include conftest.c >&5
configure:5226: /usr/bin/nm -B "conftest.o"
configure:5229: output
0000000000000000 B some_variable
configure:5236: result: BSD nm
configure:5239: checking whether ln -s works
configure:5243: result: yes
configure:5251: checking the maximum length of command line arguments
configure:5382: result: 1572864
configure:5399: checking whether the shell understands some XSI constructs
configure:5409: result: yes
configure:5413: checking whether the shell understands "+="
configure:5419: result: yes
configure:5454: checking how to convert x86_64-pc-linux-gnu file names to x86_64-pc-linux-gnu format
configure:5494: result: func_convert_file_noop
configure:5501: checking how to convert x86_64-pc-linux-gnu file names to toolchain format
configure:5521: result: func_convert_file_noop
configure:5528: checking for /usr/bin/ld option to reload object files
configure:5535: result: -r
configure:5609: checking for objdump
configure:5625: found /usr/bin/objdump
configure:5636: result: objdump
configure:5668: checking how to recognize dependent libraries
configure:5866: result: pass_all
configure:5951: checking for dlltool
configure:5981: result: no
configure:6011: checking how to associate runtime and link libraries
configure:6038: result: printf %s\n
configure:6162: checking for archiver @FILE support
configure:6179: gcc -c -g -O2 -I/home/king/xfstests-bld/bld/include -I/home/king/xfstests-bld/bld/include conftest.c >&5
configure:6179: $? = 0
configure:6182: ar cru libconftest.a @conftest.lst >&5
ar: `u' modifier ignored since `D' is the default (see `U')
configure:6185: $? = 0
configure:6190: ar cru libconftest.a @conftest.lst >&5
ar: `u' modifier ignored since `D' is the default (see `U')
ar: conftest.o: No such file or directory
configure:6193: $? = 1
configure:6205: result: @
configure:6263: checking for strip
configure:6279: found /usr/bin/strip
configure:6290: result: strip
configure:6362: checking for ranlib
configure:6378: found /usr/bin/ranlib
configure:6389: result: ranlib
configure:6491: checking command to parse /usr/bin/nm -B output from gcc object
configure:6611: gcc -c -g -O2 -I/home/king/xfstests-bld/bld/include -I/home/king/xfstests-bld/bld/include conftest.c >&5
configure:6614: $? = 0
configure:6618: /usr/bin/nm -B conftest.o \| sed -n -e 's/^.*[ ]\([ABCDGIRSTW][ABCDGIRSTW]*\)[ ][ ]*\([_A-Za-z][_A-Za-z0-9]*\)$/\1 \2 \2/p' | sed '/ __gnu_lto/d' \> conftest.nm
configure:6621: $? = 0
configure:6687: gcc -o conftest -g -O2 -I/home/king/xfstests-bld/bld/include -I/home/king/xfstests-bld/bld/include  -static -L/home/king/xfstests-bld/bld/lib conftest.c conftstm.o >&5
configure:6690: $? = 0
configure:6728: result: ok
configure:6765: checking for sysroot
configure:6795: result: no
configure:6872: gcc -c -g -O2 -I/home/king/xfstests-bld/bld/include -I/home/king/xfstests-bld/bld/include conftest.c >&5
configure:6875: $? = 0
configure:7064: checking for mt
configure:7080: found /bin/mt
configure:7091: result: mt
configure:7114: checking if mt is a manifest tool
configure:7120: mt '-?'
configure:7128: result: no
configure:7767: checking for dlfcn.h
configure:7767: gcc -c -g -O2 -I/home/king/xfstests-bld/bld/include -I/home/king/xfstests-bld/bld/include conftest.c >&5
configure:7767: $? = 0
configure:7767: result: yes
configure:7973: checking for objdir
configure:7988: result: .libs
configure:8255: checking if gcc supports -fno-rtti -fno-exceptions
configure:8273: gcc -c -g -O2 -I/home/king/xfstests-bld/bld/include -I/home/king/xfstests-bld/bld/include -fno-rtti -fno-exceptions conftest.c >&5
cc1: warning: command line option '-fno-rtti' is valid for C++/ObjC++ but not for C
configure:8277: $? = 0
configure:8290: result: no
configure:8617: checking for gcc option to produce PIC
configure:8624: result: -fPIC -DPIC
configure:8632: checking if gcc PIC flag -fPIC -DPIC works
configure:8650: gcc -c -g -O2 -I/home/king/xfstests-bld/bld/include -I/home/king/xfstests-bld/bld/include -fPIC -DPIC -DPIC conftest.c >&5
configure:8654: $? = 0
configure:8667: result: yes
configure:8696: checking if gcc static flag -static works
configure:8724: result: yes
configure:8739: checking if gcc supports -c -o file.o
configure:8760: gcc -c -g -O2 -I/home/king/xfstests-bld/bld/include -I/home/king/xfstests-bld/bld/include -o out/conftest2.o conftest.c >&5
configure:8764: $? = 0
configure:8786: result: yes
configure:8794: checking if gcc supports -c -o file.o
configure:8841: result: yes
configure:8874: checking whether the gcc linker (/usr/bin/ld -m elf_x86_64) supports shared libraries
configure:10031: result: yes
configure:10068: checking whether -lc should be explicitly linked in
configure:10076: gcc -c -g -O2 -I/home/king/xfstests-bld/bld/include -I/home/king/xfstests-bld/bld/include conftest.c >&5
configure:10079: $? = 0
configure:10094: gcc -shared  -fPIC -DPIC conftest.o  -v -Wl,-soname -Wl,conftest -o conftest 2\>\&1 \| /bin/grep  -lc  \>/dev/null 2\>\&1
configure:10097: $? = 0
configure:10111: result: no
configure:10271: checking dynamic linker characteristics
configure:10771: gcc -o conftest -g -O2 -I/home/king/xfstests-bld/bld/include -I/home/king/xfstests-bld/bld/include  -static -L/home/king/xfstests-bld/bld/lib -Wl,-rpath -Wl,/foo conftest.c  >&5
configure:10771: $? = 0
configure:11005: result: GNU/Linux ld.so
configure:11112: checking how to hardcode library paths into programs
configure:11137: result: immediate
configure:11677: checking whether stripping libraries is possible
configure:11682: result: yes
configure:11717: checking if libtool supports shared libraries
configure:11719: result: yes
configure:11722: checking whether to build shared libraries
configure:11743: result: yes
configure:11746: checking whether to build static libraries
configure:11750: result: yes
configure:11790: checking whether NLS is requested
configure:11799: result: no
configure:11839: checking for msgfmt
configure: trying /usr/bin/msgfmt...
0 translated messages.
configure:11871: result: /usr/bin/msgfmt
configure:11880: checking for gmsgfmt
configure:11911: result: /usr/bin/msgfmt
configure:11961: checking for xgettext
configure: trying /usr/bin/xgettext...
/usr/bin/xgettext: warning: file '/dev/null' extension '' is unknown; will try C
configure:11993: result: /usr/bin/xgettext
configure:12038: checking for msgmerge
configure: trying /usr/bin/msgmerge...
configure:12069: result: /usr/bin/msgmerge
configure:12127: checking for ld used by gcc
configure:12194: result: /usr/bin/ld -m elf_x86_64
configure:12201: checking if the linker (/usr/bin/ld -m elf_x86_64) is GNU ld
configure:12216: result: yes
configure:12223: checking for shared library run path origin
configure:12236: result: done
configure:12808: checking for CFPreferencesCopyAppValue
configure:12826: gcc -o conftest -g -O2 -I/home/king/xfstests-bld/bld/include -I/home/king/xfstests-bld/bld/include  -static -L/home/king/xfstests-bld/bld/lib conftest.c  -Wl,-framework -Wl,CoreFoundation >&5
conftest.c:29:42: fatal error: CoreFoundation/CFPreferences.h: No such file or directory
 #include <CoreFoundation/CFPreferences.h>
                                          ^
compilation terminated.
configure:12826: $? = 1
configure: failed program was:
| /* confdefs.h */
| #define PACKAGE_NAME "acl"
| #define PACKAGE_TARNAME "acl"
| #define PACKAGE_VERSION "2.2.53"
| #define PACKAGE_STRING "acl 2.2.53"
| #define PACKAGE_BUGREPORT "acl-devel@nongnu.org"
| #define PACKAGE_URL ""
| #define PACKAGE "acl"
| #define VERSION "2.2.53"
| #define STDC_HEADERS 1
| #define HAVE_SYS_TYPES_H 1
| #define HAVE_SYS_STAT_H 1
| #define HAVE_STDLIB_H 1
| #define HAVE_STRING_H 1
| #define HAVE_MEMORY_H 1
| #define HAVE_STRINGS_H 1
| #define HAVE_INTTYPES_H 1
| #define HAVE_STDINT_H 1
| #define HAVE_UNISTD_H 1
| #define __EXTENSIONS__ 1
| #define _ALL_SOURCE 1
| #define _GNU_SOURCE 1
| #define _POSIX_PTHREAD_SEMANTICS 1
| #define _TANDEM_SOURCE 1
| #define HAVE_VISIBILITY_ATTRIBUTE /**/
| #define HAVE_DLFCN_H 1
| #define LT_OBJDIR ".libs/"
| /* end confdefs.h.  */
| #include <CoreFoundation/CFPreferences.h>
| int
| main ()
| {
| CFPreferencesCopyAppValue(NULL, NULL)
|   ;
|   return 0;
| }
configure:12835: result: no
configure:12842: checking for CFLocaleCopyCurrent
configure:12860: gcc -o conftest -g -O2 -I/home/king/xfstests-bld/bld/include -I/home/king/xfstests-bld/bld/include  -static -L/home/king/xfstests-bld/bld/lib conftest.c  -Wl,-framework -Wl,CoreFoundation >&5
conftest.c:29:37: fatal error: CoreFoundation/CFLocale.h: No such file or directory
 #include <CoreFoundation/CFLocale.h>
                                     ^
compilation terminated.
configure:12860: $? = 1
configure: failed program was:
| /* confdefs.h */
| #define PACKAGE_NAME "acl"
| #define PACKAGE_TARNAME "acl"
| #define PACKAGE_VERSION "2.2.53"
| #define PACKAGE_STRING "acl 2.2.53"
| #define PACKAGE_BUGREPORT "acl-devel@nongnu.org"
| #define PACKAGE_URL ""
| #define PACKAGE "acl"
| #define VERSION "2.2.53"
| #define STDC_HEADERS 1
| #define HAVE_SYS_TYPES_H 1
| #define HAVE_SYS_STAT_H 1
| #define HAVE_STDLIB_H 1
| #define HAVE_STRING_H 1
| #define HAVE_MEMORY_H 1
| #define HAVE_STRINGS_H 1
| #define HAVE_INTTYPES_H 1
| #define HAVE_STDINT_H 1
| #define HAVE_UNISTD_H 1
| #define __EXTENSIONS__ 1
| #define _ALL_SOURCE 1
| #define _GNU_SOURCE 1
| #define _POSIX_PTHREAD_SEMANTICS 1
| #define _TANDEM_SOURCE 1
| #define HAVE_VISIBILITY_ATTRIBUTE /**/
| #define HAVE_DLFCN_H 1
| #define LT_OBJDIR ".libs/"
| /* end confdefs.h.  */
| #include <CoreFoundation/CFLocale.h>
| int
| main ()
| {
| CFLocaleCopyCurrent();
|   ;
|   return 0;
| }
configure:12869: result: no
configure:13779: checking whether to use NLS
configure:13781: result: no
configure:13869: checking attr/xattr.h usability
configure:13869: gcc -c -g -O2 -I/home/king/xfstests-bld/bld/include -I/home/king/xfstests-bld/bld/include -DNDEBUG conftest.c >&5
configure:13869: $? = 0
configure:13869: result: yes
configure:13869: checking attr/xattr.h presence
configure:13869: gcc -E -I/home/king/xfstests-bld/bld/include -DNDEBUG conftest.c
configure:13869: $? = 0
configure:13869: result: yes
configure:13869: checking for attr/xattr.h
configure:13869: result: yes
configure:13889: checking attr/error_context.h usability
configure:13889: gcc -c -g -O2 -I/home/king/xfstests-bld/bld/include -I/home/king/xfstests-bld/bld/include -DNDEBUG conftest.c >&5
configure:13889: $? = 0
configure:13889: result: yes
configure:13889: checking attr/error_context.h presence
configure:13889: gcc -E -I/home/king/xfstests-bld/bld/include -DNDEBUG conftest.c
configure:13889: $? = 0
configure:13889: result: yes
configure:13889: checking for attr/error_context.h
configure:13889: result: yes
configure:13907: checking for getxattr in -lattr
configure:13932: gcc -o conftest -g -O2 -I/home/king/xfstests-bld/bld/include -I/home/king/xfstests-bld/bld/include -DNDEBUG  -static -L/home/king/xfstests-bld/bld/lib conftest.c -lattr   >&5
configure:13932: $? = 0
configure:13941: result: yes
configure:13968: checking for telldir
configure:13968: gcc -o conftest -g -O2 -I/home/king/xfstests-bld/bld/include -I/home/king/xfstests-bld/bld/include -DNDEBUG  -static -L/home/king/xfstests-bld/bld/lib conftest.c -lattr  >&5
configure:13968: $? = 0
configure:13968: result: yes
configure:14093: checking that generated files are newer than configure
configure:14099: result: done
configure:14122: creating ./config.status

## ---------------------- ##
## Running config.status. ##
## ---------------------- ##

This file was extended by acl config.status 2.2.53, which was
generated by GNU Autoconf 2.69.  Invocation command line was

  CONFIG_FILES    = 
  CONFIG_HEADERS  = 
  CONFIG_LINKS    = 
  CONFIG_COMMANDS = 
  $ ./config.status 

on ubuntu

config.status:1121: creating libacl.pc
config.status:1121: creating Makefile
config.status:1121: creating po/Makefile.in
config.status:1121: creating include/config.h
config.status:1302: include/config.h is unchanged
config.status:1350: executing depfiles commands
config.status:1350: executing libtool commands
config.status:1350: executing po-directories commands
config.status:1350: executing include/acl commands
config.status:1350: executing include/sys commands

## ---------------- ##
## Cache variables. ##
## ---------------- ##

ac_cv_build=x86_64-pc-linux-gnu
ac_cv_c_compiler_gnu=yes
ac_cv_env_CC_set=
ac_cv_env_CC_value=
ac_cv_env_CFLAGS_set=set
ac_cv_env_CFLAGS_value='-g -O2 -I/home/king/xfstests-bld/bld/include'
ac_cv_env_CPPFLAGS_set=set
ac_cv_env_CPPFLAGS_value=-I/home/king/xfstests-bld/bld/include
ac_cv_env_CPP_set=
ac_cv_env_CPP_value=
ac_cv_env_LDFLAGS_set=set
ac_cv_env_LDFLAGS_value=' -static -L/home/king/xfstests-bld/bld/lib'
ac_cv_env_LIBS_set=
ac_cv_env_LIBS_value=
ac_cv_env_build_alias_set=
ac_cv_env_build_alias_value=
ac_cv_env_host_alias_set=
ac_cv_env_host_alias_value=
ac_cv_env_target_alias_set=
ac_cv_env_target_alias_value=
ac_cv_func_telldir=yes
ac_cv_header_attr_error_context_h=yes
ac_cv_header_attr_xattr_h=yes
ac_cv_header_dlfcn_h=yes
ac_cv_header_inttypes_h=yes
ac_cv_header_memory_h=yes
ac_cv_header_minix_config_h=no
ac_cv_header_stdc=yes
ac_cv_header_stdint_h=yes
ac_cv_header_stdlib_h=yes
ac_cv_header_string_h=yes
ac_cv_header_strings_h=yes
ac_cv_header_sys_stat_h=yes
ac_cv_header_sys_types_h=yes
ac_cv_header_unistd_h=yes
ac_cv_host=x86_64-pc-linux-gnu
ac_cv_lib_attr_getxattr=yes
ac_cv_objext=o
ac_cv_path_EGREP='/bin/grep -E'
ac_cv_path_FGREP='/bin/grep -F'
ac_cv_path_GMSGFMT=/usr/bin/msgfmt
ac_cv_path_GREP=/bin/grep
ac_cv_path_MSGFMT=/usr/bin/msgfmt
ac_cv_path_MSGMERGE=/usr/bin/msgmerge
ac_cv_path_SED=/bin/sed
ac_cv_path_XGETTEXT=/usr/bin/xgettext
ac_cv_path_install='/usr/bin/install -c'
ac_cv_path_mkdir=/bin/mkdir
ac_cv_prog_AWK=gawk
ac_cv_prog_CPP='gcc -E'
ac_cv_prog_ac_ct_AR=ar
ac_cv_prog_ac_ct_CC=gcc
ac_cv_prog_ac_ct_MANIFEST_TOOL=mt
ac_cv_prog_ac_ct_OBJDUMP=objdump
ac_cv_prog_ac_ct_RANLIB=ranlib
ac_cv_prog_ac_ct_STRIP=strip
ac_cv_prog_cc_c89=
ac_cv_prog_cc_g=yes
ac_cv_prog_make_make_set=yes
ac_cv_safe_to_define___extensions__=yes
acl_cv_hardcode_direct=no
acl_cv_hardcode_libdir_flag_spec='${wl}-rpath ${wl}$libdir'
acl_cv_hardcode_libdir_separator=
acl_cv_hardcode_minus_L=no
acl_cv_libext=a
acl_cv_libname_spec='lib$name'
acl_cv_library_names_spec='$libname$shrext'
acl_cv_path_LD='/usr/bin/ld -m elf_x86_64'
acl_cv_prog_gnu_ld=yes
acl_cv_rpath=done
acl_cv_shlibext=so
acl_cv_wl=-Wl,
am_cv_CC_dependencies_compiler_type=gcc3
am_cv_ar_interface=ar
am_cv_make_support_nested_variables=yes
am_cv_prog_cc_c_o=yes
gt_cv_func_CFLocaleCopyCurrent=no
gt_cv_func_CFPreferencesCopyAppValue=no
libc_cv_visibility_attribute=yes
lt_cv_ar_at_file=@
lt_cv_archive_cmds_need_lc=no
lt_cv_deplibs_check_method=pass_all
lt_cv_file_magic_cmd='$MAGIC_CMD'
lt_cv_file_magic_test_file=
lt_cv_ld_reload_flag=-r
lt_cv_nm_interface='BSD nm'
lt_cv_objdir=.libs
lt_cv_path_LD=/usr/bin/ld
lt_cv_path_NM='/usr/bin/nm -B'
lt_cv_path_mainfest_tool=no
lt_cv_prog_compiler_c_o=yes
lt_cv_prog_compiler_pic='-fPIC -DPIC'
lt_cv_prog_compiler_pic_works=yes
lt_cv_prog_compiler_rtti_exceptions=no
lt_cv_prog_compiler_static_works=yes
lt_cv_prog_gnu_ld=yes
lt_cv_sharedlib_from_linklib_cmd='printf %s\n'
lt_cv_shlibpath_overrides_runpath=no
lt_cv_sys_global_symbol_pipe='sed -n -e '\''s/^.*[	 ]\([ABCDGIRSTW][ABCDGIRSTW]*\)[	 ][	 ]*\([_A-Za-z][_A-Za-z0-9]*\)$/\1 \2 \2/p'\'' | sed '\''/ __gnu_lto/d'\'''
lt_cv_sys_global_symbol_to_c_name_address='sed -n -e '\''s/^: \([^ ]*\)[ ]*$/  {\"\1\", (void *) 0},/p'\'' -e '\''s/^[ABCDGIRSTW]* \([^ ]*\) \([^ ]*\)$/  {"\2", (void *) \&\2},/p'\'''
lt_cv_sys_global_symbol_to_c_name_address_lib_prefix='sed -n -e '\''s/^: \([^ ]*\)[ ]*$/  {\"\1\", (void *) 0},/p'\'' -e '\''s/^[ABCDGIRSTW]* \([^ ]*\) \(lib[^ ]*\)$/  {"\2", (void *) \&\2},/p'\'' -e '\''s/^[ABCDGIRSTW]* \([^ ]*\) \([^ ]*\)$/  {"lib\2", (void *) \&\2},/p'\'''
lt_cv_sys_global_symbol_to_cdecl='sed -n -e '\''s/^T .* \(.*\)$/extern int \1();/p'\'' -e '\''s/^[ABCDGIRSTW]* .* \(.*\)$/extern char \1;/p'\'''
lt_cv_sys_max_cmd_len=1572864
lt_cv_to_host_file_cmd=func_convert_file_noop
lt_cv_to_tool_file_cmd=func_convert_file_noop

## ----------------- ##
## Output variables. ##
## ----------------- ##

ACLOCAL='${SHELL} /home/king/xfstests-bld/acl/build-aux/missing aclocal-1.14'
AMDEPBACKSLASH='\'
AMDEP_FALSE='#'
AMDEP_TRUE=''
AMTAR='$${TAR-tar}'
AM_BACKSLASH='\'
AM_DEFAULT_V='$(AM_DEFAULT_VERBOSITY)'
AM_DEFAULT_VERBOSITY='0'
AM_V='$(V)'
AR='ar'
AUTOCONF='${SHELL} /home/king/xfstests-bld/acl/build-aux/missing autoconf'
AUTOHEADER='${SHELL} /home/king/xfstests-bld/acl/build-aux/missing autoheader'
AUTOMAKE='${SHELL} /home/king/xfstests-bld/acl/build-aux/missing automake-1.14'
AWK='gawk'
CC='gcc'
CCDEPMODE='depmode=gcc3'
CFLAGS='-g -O2 -I/home/king/xfstests-bld/bld/include'
CPP='gcc -E'
CPPFLAGS='-I/home/king/xfstests-bld/bld/include -DNDEBUG'
CYGPATH_W='echo'
DEFS='-DHAVE_CONFIG_H'
DEPDIR='.deps'
DLLTOOL='false'
DSYMUTIL=''
DUMPBIN=''
ECHO_C=''
ECHO_N='-n'
ECHO_T=''
EGREP='/bin/grep -E'
EXEEXT=''
FGREP='/bin/grep -F'
GETTEXT_MACRO_VERSION='0.19'
GMSGFMT='/usr/bin/msgfmt'
GMSGFMT_015='/usr/bin/msgfmt'
GREP='/bin/grep'
INSTALL_DATA='${INSTALL} -m 644'
INSTALL_PROGRAM='${INSTALL}'
INSTALL_SCRIPT='${INSTALL}'
INSTALL_STRIP_PROGRAM='$(install_sh) -c -s'
INTLLIBS=''
INTL_MACOSX_LIBS=''
LD='/usr/bin/ld -m elf_x86_64'
LDFLAGS=' -static -L/home/king/xfstests-bld/bld/lib'
LIBICONV='-liconv'
LIBINTL=''
LIBOBJS=''
LIBS='-lattr '
LIBTOOL='$(SHELL) $(top_builddir)/libtool'
LIPO=''
LN_S='ln -s'
LTLIBICONV='-liconv'
LTLIBINTL=''
LTLIBOBJS=''
LT_REVISION='2253'
MAKEINFO='${SHELL} /home/king/xfstests-bld/acl/build-aux/missing makeinfo'
MANIFEST_TOOL=':'
MKDIR_P='/bin/mkdir -p'
MSGFMT='/usr/bin/msgfmt'
MSGFMT_015='/usr/bin/msgfmt'
MSGMERGE='/usr/bin/msgmerge'
NM='/usr/bin/nm -B'
NMEDIT=''
OBJDUMP='objdump'
OBJEXT='o'
OTOOL64=''
OTOOL=''
PACKAGE='acl'
PACKAGE_BUGREPORT='acl-devel@nongnu.org'
PACKAGE_NAME='acl'
PACKAGE_STRING='acl 2.2.53'
PACKAGE_TARNAME='acl'
PACKAGE_URL=''
PACKAGE_VERSION='2.2.53'
PATH_SEPARATOR=':'
POSUB=''
RANLIB='ranlib'
SED='/bin/sed'
SET_MAKE=''
SHELL='/bin/bash'
STRIP='strip'
USE_NLS='no'
VERSION='2.2.53'
XGETTEXT='/usr/bin/xgettext'
XGETTEXT_015='/usr/bin/xgettext'
XGETTEXT_EXTRA_OPTIONS=''
ac_ct_AR='ar'
ac_ct_CC='gcc'
ac_ct_DUMPBIN=''
am__EXEEXT_FALSE=''
am__EXEEXT_TRUE='#'
am__fastdepCC_FALSE='#'
am__fastdepCC_TRUE=''
am__include='include'
am__isrc=''
am__leading_dot='.'
am__nodep='_no'
am__quote=''
am__tar='$${TAR-tar} chof - "$$tardir"'
am__untar='$${TAR-tar} xf -'
bindir='${exec_prefix}/bin'
build='x86_64-pc-linux-gnu'
build_alias=''
build_cpu='x86_64'
build_os='linux-gnu'
build_vendor='pc'
datadir='${datarootdir}'
datarootdir='${prefix}/share'
docdir='${datarootdir}/doc/${PACKAGE_TARNAME}'
dvidir='${docdir}'
exec_prefix='${prefix}'
host='x86_64-pc-linux-gnu'
host_alias=''
host_cpu='x86_64'
host_os='linux-gnu'
host_vendor='pc'
htmldir='${docdir}'
includedir='${prefix}/include'
infodir='${datarootdir}/info'
install_sh='${SHELL} /home/king/xfstests-bld/acl/build-aux/install-sh'
libattr='/home/king/xfstests-bld/acl/../attr/libattr/libattr.la'
libdir='${exec_prefix}/lib'
libexecdir='${exec_prefix}/libexec'
localedir='${datarootdir}/locale'
localstatedir='${prefix}/var'
mandir='${datarootdir}/man'
mkdir_p='$(MKDIR_P)'
oldincludedir='/usr/include'
pdfdir='${docdir}'
prefix='/home/king/xfstests-bld/bld'
program_transform_name='s,x,x,'
psdir='${docdir}'
sbindir='${exec_prefix}/sbin'
sharedstatedir='${prefix}/com'
sysconfdir='${prefix}/etc'
target_alias=''

## ----------- ##
## confdefs.h. ##
## ----------- ##

/* confdefs.h */
#define PACKAGE_NAME "acl"
#define PACKAGE_TARNAME "acl"
#define PACKAGE_VERSION "2.2.53"
#define PACKAGE_STRING "acl 2.2.53"
#define PACKAGE_BUGREPORT "acl-devel@nongnu.org"
#define PACKAGE_URL ""
#define PACKAGE "acl"
#define VERSION "2.2.53"
#define STDC_HEADERS 1
#define HAVE_SYS_TYPES_H 1
#define HAVE_SYS_STAT_H 1
#define HAVE_STDLIB_H 1
#define HAVE_STRING_H 1
#define HAVE_MEMORY_H 1
#define HAVE_STRINGS_H 1
#define HAVE_INTTYPES_H 1
#define HAVE_STDINT_H 1
#define HAVE_UNISTD_H 1
#define __EXTENSIONS__ 1
#define _ALL_SOURCE 1
#define _GNU_SOURCE 1
#define _POSIX_PTHREAD_SEMANTICS 1
#define _TANDEM_SOURCE 1
#define HAVE_VISIBILITY_ATTRIBUTE /**/
#define HAVE_DLFCN_H 1
#define LT_OBJDIR ".libs/"
#define HAVE_ATTR_XATTR_H 1
#define HAVE_ATTR_ERROR_CONTEXT_H 1
#define HAVE_LIBATTR 1
#define HAVE_TELLDIR 1

configure: exit 0
